{"/Users/audreesteinberg/hr/capstone/fec/client/src/Components/App.jsx": {"path":"/Users/audreesteinberg/hr/capstone/fec/client/src/Components/App.jsx","statementMap":{"0":{"start":{"line":10,"column":4},"end":{"line":10,"column":17}},"1":{"start":{"line":11,"column":4},"end":{"line":16,"column":6}},"2":{"start":{"line":17,"column":4},"end":{"line":17,"column":49}},"3":{"start":{"line":18,"column":4},"end":{"line":18,"column":61}},"4":{"start":{"line":22,"column":4},"end":{"line":22,"column":31}},"5":{"start":{"line":27,"column":4},"end":{"line":27,"column":39}},"6":{"start":{"line":31,"column":4},"end":{"line":38,"column":6}}},"fnMap":{"0":{"name":"(anonymous_0)","decl":{"start":{"line":9,"column":2},"end":{"line":9,"column":3}},"loc":{"start":{"line":9,"column":21},"end":{"line":19,"column":3}},"line":9},"1":{"name":"(anonymous_1)","decl":{"start":{"line":21,"column":2},"end":{"line":21,"column":3}},"loc":{"start":{"line":21,"column":20},"end":{"line":24,"column":3}},"line":21},"2":{"name":"(anonymous_2)","decl":{"start":{"line":26,"column":2},"end":{"line":26,"column":3}},"loc":{"start":{"line":26,"column":28},"end":{"line":28,"column":3}},"line":26},"3":{"name":"(anonymous_3)","decl":{"start":{"line":30,"column":2},"end":{"line":30,"column":3}},"loc":{"start":{"line":30,"column":11},"end":{"line":39,"column":3}},"line":30}},"branchMap":{},"s":{"0":2,"1":2,"2":2,"3":2,"4":0,"5":0,"6":2},"f":{"0":2,"1":0,"2":0,"3":2},"b":{},"_coverageSchema":"1a1c01bbd47fc00a2c39e90264f33305004495a9","hash":"e97d13920ea2ba7e0c48aba43c1fc595ace1bfd4"}
,"/Users/audreesteinberg/hr/capstone/fec/client/src/Components/OverviewSect/OverviewSect.jsx": {"path":"/Users/audreesteinberg/hr/capstone/fec/client/src/Components/OverviewSect/OverviewSect.jsx","statementMap":{"0":{"start":{"line":16,"column":4},"end":{"line":16,"column":17}},"1":{"start":{"line":17,"column":4},"end":{"line":23,"column":6}},"2":{"start":{"line":27,"column":4},"end":{"line":39,"column":5}}},"fnMap":{"0":{"name":"(anonymous_0)","decl":{"start":{"line":15,"column":2},"end":{"line":15,"column":3}},"loc":{"start":{"line":15,"column":21},"end":{"line":24,"column":3}},"line":15},"1":{"name":"(anonymous_1)","decl":{"start":{"line":26,"column":2},"end":{"line":26,"column":3}},"loc":{"start":{"line":26,"column":11},"end":{"line":40,"column":3}},"line":26}},"branchMap":{},"s":{"0":1,"1":1,"2":1},"f":{"0":1,"1":1},"b":{},"_coverageSchema":"1a1c01bbd47fc00a2c39e90264f33305004495a9","hash":"a68ac116a169a8d1ebd7dd8968b23b995d747f2c"}
,"/Users/audreesteinberg/hr/capstone/fec/client/src/Components/OverviewSect/AddToCart/AddToCart.jsx": {"path":"/Users/audreesteinberg/hr/capstone/fec/client/src/Components/OverviewSect/AddToCart/AddToCart.jsx","statementMap":{"0":{"start":{"line":5,"column":8},"end":{"line":5,"column":20}},"1":{"start":{"line":6,"column":8},"end":{"line":8,"column":9}},"2":{"start":{"line":11,"column":8},"end":{"line":13,"column":9}}},"fnMap":{"0":{"name":"(anonymous_0)","decl":{"start":{"line":4,"column":4},"end":{"line":4,"column":5}},"loc":{"start":{"line":4,"column":23},"end":{"line":9,"column":5}},"line":4},"1":{"name":"(anonymous_1)","decl":{"start":{"line":10,"column":4},"end":{"line":10,"column":5}},"loc":{"start":{"line":10,"column":13},"end":{"line":14,"column":5}},"line":10}},"branchMap":{},"s":{"0":0,"1":0,"2":0},"f":{"0":0,"1":0},"b":{},"_coverageSchema":"1a1c01bbd47fc00a2c39e90264f33305004495a9","hash":"01a00d5ce0c59ef416ef44a7431745dc07e00228"}
,"/Users/audreesteinberg/hr/capstone/fec/client/src/Components/OverviewSect/AddToCart/QuantitySelector.jsx": {"path":"/Users/audreesteinberg/hr/capstone/fec/client/src/Components/OverviewSect/AddToCart/QuantitySelector.jsx","statementMap":{"0":{"start":{"line":5,"column":8},"end":{"line":5,"column":20}},"1":{"start":{"line":6,"column":8},"end":{"line":8,"column":9}},"2":{"start":{"line":9,"column":8},"end":{"line":9,"column":49}},"3":{"start":{"line":10,"column":8},"end":{"line":10,"column":51}},"4":{"start":{"line":14,"column":8},"end":{"line":14,"column":27}},"5":{"start":{"line":15,"column":8},"end":{"line":17,"column":10}},"6":{"start":{"line":16,"column":12},"end":{"line":16,"column":63}},"7":{"start":{"line":22,"column":8},"end":{"line":26,"column":9}},"8":{"start":{"line":23,"column":12},"end":{"line":25,"column":14}},"9":{"start":{"line":24,"column":16},"end":{"line":24,"column":70}},"10":{"start":{"line":30,"column":8},"end":{"line":52,"column":9}},"11":{"start":{"line":40,"column":61},"end":{"line":40,"column":89}}},"fnMap":{"0":{"name":"(anonymous_0)","decl":{"start":{"line":4,"column":4},"end":{"line":4,"column":5}},"loc":{"start":{"line":4,"column":23},"end":{"line":11,"column":5}},"line":4},"1":{"name":"(anonymous_1)","decl":{"start":{"line":13,"column":4},"end":{"line":13,"column":5}},"loc":{"start":{"line":13,"column":16},"end":{"line":18,"column":5}},"line":13},"2":{"name":"(anonymous_2)","decl":{"start":{"line":15,"column":40},"end":{"line":15,"column":41}},"loc":{"start":{"line":15,"column":46},"end":{"line":17,"column":9}},"line":15},"3":{"name":"(anonymous_3)","decl":{"start":{"line":20,"column":4},"end":{"line":20,"column":5}},"loc":{"start":{"line":20,"column":16},"end":{"line":27,"column":5}},"line":20},"4":{"name":"(anonymous_4)","decl":{"start":{"line":23,"column":45},"end":{"line":23,"column":46}},"loc":{"start":{"line":23,"column":51},"end":{"line":25,"column":13}},"line":23},"5":{"name":"(anonymous_5)","decl":{"start":{"line":29,"column":4},"end":{"line":29,"column":5}},"loc":{"start":{"line":29,"column":13},"end":{"line":53,"column":5}},"line":29},"6":{"name":"(anonymous_6)","decl":{"start":{"line":40,"column":47},"end":{"line":40,"column":48}},"loc":{"start":{"line":40,"column":60},"end":{"line":40,"column":90}},"line":40}},"branchMap":{"0":{"loc":{"start":{"line":22,"column":8},"end":{"line":26,"column":9}},"type":"if","locations":[{"start":{"line":22,"column":8},"end":{"line":26,"column":9}},{"start":{"line":22,"column":8},"end":{"line":26,"column":9}}],"line":22},"1":{"loc":{"start":{"line":38,"column":16},"end":{"line":49,"column":17}},"type":"cond-expr","locations":[{"start":{"line":40,"column":20},"end":{"line":45,"column":26}},{"start":{"line":48,"column":20},"end":{"line":48,"column":24}}],"line":38}},"s":{"0":0,"1":0,"2":0,"3":0,"4":0,"5":0,"6":0,"7":0,"8":0,"9":0,"10":0,"11":0},"f":{"0":0,"1":0,"2":0,"3":0,"4":0,"5":0,"6":0},"b":{"0":[0,0],"1":[0,0]},"_coverageSchema":"1a1c01bbd47fc00a2c39e90264f33305004495a9","hash":"c4947a731204eb9acb23398425178c752f468c51"}
,"/Users/audreesteinberg/hr/capstone/fec/client/src/Components/OverviewSect/AddToCart/SizeSelector.jsx": {"path":"/Users/audreesteinberg/hr/capstone/fec/client/src/Components/OverviewSect/AddToCart/SizeSelector.jsx","statementMap":{"0":{"start":{"line":5,"column":8},"end":{"line":5,"column":20}},"1":{"start":{"line":6,"column":8},"end":{"line":8,"column":9}},"2":{"start":{"line":9,"column":8},"end":{"line":9,"column":49}},"3":{"start":{"line":10,"column":8},"end":{"line":10,"column":51}},"4":{"start":{"line":14,"column":8},"end":{"line":14,"column":27}},"5":{"start":{"line":15,"column":8},"end":{"line":17,"column":10}},"6":{"start":{"line":16,"column":12},"end":{"line":16,"column":63}},"7":{"start":{"line":22,"column":8},"end":{"line":26,"column":9}},"8":{"start":{"line":23,"column":12},"end":{"line":25,"column":14}},"9":{"start":{"line":24,"column":16},"end":{"line":24,"column":70}},"10":{"start":{"line":30,"column":8},"end":{"line":52,"column":9}},"11":{"start":{"line":40,"column":61},"end":{"line":40,"column":89}}},"fnMap":{"0":{"name":"(anonymous_0)","decl":{"start":{"line":4,"column":4},"end":{"line":4,"column":5}},"loc":{"start":{"line":4,"column":23},"end":{"line":11,"column":5}},"line":4},"1":{"name":"(anonymous_1)","decl":{"start":{"line":13,"column":4},"end":{"line":13,"column":5}},"loc":{"start":{"line":13,"column":16},"end":{"line":18,"column":5}},"line":13},"2":{"name":"(anonymous_2)","decl":{"start":{"line":15,"column":40},"end":{"line":15,"column":41}},"loc":{"start":{"line":15,"column":46},"end":{"line":17,"column":9}},"line":15},"3":{"name":"(anonymous_3)","decl":{"start":{"line":20,"column":4},"end":{"line":20,"column":5}},"loc":{"start":{"line":20,"column":16},"end":{"line":27,"column":5}},"line":20},"4":{"name":"(anonymous_4)","decl":{"start":{"line":23,"column":45},"end":{"line":23,"column":46}},"loc":{"start":{"line":23,"column":51},"end":{"line":25,"column":13}},"line":23},"5":{"name":"(anonymous_5)","decl":{"start":{"line":29,"column":4},"end":{"line":29,"column":5}},"loc":{"start":{"line":29,"column":13},"end":{"line":53,"column":5}},"line":29},"6":{"name":"(anonymous_6)","decl":{"start":{"line":40,"column":47},"end":{"line":40,"column":48}},"loc":{"start":{"line":40,"column":60},"end":{"line":40,"column":90}},"line":40}},"branchMap":{"0":{"loc":{"start":{"line":22,"column":8},"end":{"line":26,"column":9}},"type":"if","locations":[{"start":{"line":22,"column":8},"end":{"line":26,"column":9}},{"start":{"line":22,"column":8},"end":{"line":26,"column":9}}],"line":22},"1":{"loc":{"start":{"line":38,"column":16},"end":{"line":49,"column":17}},"type":"cond-expr","locations":[{"start":{"line":40,"column":20},"end":{"line":45,"column":26}},{"start":{"line":48,"column":20},"end":{"line":48,"column":24}}],"line":38}},"s":{"0":0,"1":0,"2":0,"3":0,"4":0,"5":0,"6":0,"7":0,"8":0,"9":0,"10":0,"11":0},"f":{"0":0,"1":0,"2":0,"3":0,"4":0,"5":0,"6":0},"b":{"0":[0,0],"1":[0,0]},"_coverageSchema":"1a1c01bbd47fc00a2c39e90264f33305004495a9","hash":"fbe900d2c6210c91051854185578bba5ceb0d479"}
,"/Users/audreesteinberg/hr/capstone/fec/client/src/Components/OverviewSect/DummyData/DummyProductData.js": {"path":"/Users/audreesteinberg/hr/capstone/fec/client/src/Components/OverviewSect/DummyData/DummyProductData.js","statementMap":{"0":{"start":{"line":3,"column":25},"end":{"line":23,"column":1}}},"fnMap":{},"branchMap":{},"s":{"0":3},"f":{},"b":{},"_coverageSchema":"1a1c01bbd47fc00a2c39e90264f33305004495a9","hash":"f6cf830c073a7cfe9be7ff1c76a5d36ec4f9546a"}
,"/Users/audreesteinberg/hr/capstone/fec/client/src/Components/OverviewSect/DummyData/DummyStyleData.js": {"path":"/Users/audreesteinberg/hr/capstone/fec/client/src/Components/OverviewSect/DummyData/DummyStyleData.js","statementMap":{"0":{"start":{"line":3,"column":23},"end":{"line":85,"column":1}}},"fnMap":{},"branchMap":{},"s":{"0":3},"f":{},"b":{},"_coverageSchema":"1a1c01bbd47fc00a2c39e90264f33305004495a9","hash":"59772f0da37f804843daa6b369e01f96b2bf16ef"}
,"/Users/audreesteinberg/hr/capstone/fec/client/src/Components/OverviewSect/ImageGallery/ImageGallery.jsx": {"path":"/Users/audreesteinberg/hr/capstone/fec/client/src/Components/OverviewSect/ImageGallery/ImageGallery.jsx","statementMap":{"0":{"start":{"line":5,"column":8},"end":{"line":5,"column":20}},"1":{"start":{"line":6,"column":8},"end":{"line":8,"column":9}},"2":{"start":{"line":11,"column":8},"end":{"line":15,"column":9}}},"fnMap":{"0":{"name":"(anonymous_0)","decl":{"start":{"line":4,"column":4},"end":{"line":4,"column":5}},"loc":{"start":{"line":4,"column":23},"end":{"line":9,"column":5}},"line":4},"1":{"name":"(anonymous_1)","decl":{"start":{"line":10,"column":4},"end":{"line":10,"column":5}},"loc":{"start":{"line":10,"column":13},"end":{"line":16,"column":5}},"line":10}},"branchMap":{},"s":{"0":0,"1":0,"2":0},"f":{"0":0,"1":0},"b":{},"_coverageSchema":"1a1c01bbd47fc00a2c39e90264f33305004495a9","hash":"85b310d34e0a4e36b4a94ff5391f49d5314c4154"}
,"/Users/audreesteinberg/hr/capstone/fec/client/src/Components/OverviewSect/ProductInfo/FeatureChecklist.jsx": {"path":"/Users/audreesteinberg/hr/capstone/fec/client/src/Components/OverviewSect/ProductInfo/FeatureChecklist.jsx","statementMap":{"0":{"start":{"line":17,"column":25},"end":{"line":21,"column":1}},"1":{"start":{"line":18,"column":4},"end":{"line":20,"column":5}}},"fnMap":{"0":{"name":"(anonymous_0)","decl":{"start":{"line":17,"column":25},"end":{"line":17,"column":26}},"loc":{"start":{"line":17,"column":36},"end":{"line":21,"column":1}},"line":17}},"branchMap":{},"s":{"0":3,"1":0},"f":{"0":0},"b":{},"_coverageSchema":"1a1c01bbd47fc00a2c39e90264f33305004495a9","hash":"2e4eb9311b963ae465029cc7659de460952f742e"}
,"/Users/audreesteinberg/hr/capstone/fec/client/src/Components/OverviewSect/ProductInfo/ProductInfo.jsx": {"path":"/Users/audreesteinberg/hr/capstone/fec/client/src/Components/OverviewSect/ProductInfo/ProductInfo.jsx","statementMap":{"0":{"start":{"line":7,"column":8},"end":{"line":7,"column":20}},"1":{"start":{"line":8,"column":8},"end":{"line":11,"column":9}},"2":{"start":{"line":18,"column":8},"end":{"line":23,"column":9}}},"fnMap":{"0":{"name":"(anonymous_0)","decl":{"start":{"line":6,"column":4},"end":{"line":6,"column":5}},"loc":{"start":{"line":6,"column":23},"end":{"line":12,"column":5}},"line":6},"1":{"name":"(anonymous_1)","decl":{"start":{"line":17,"column":4},"end":{"line":17,"column":5}},"loc":{"start":{"line":17,"column":13},"end":{"line":24,"column":5}},"line":17}},"branchMap":{},"s":{"0":0,"1":0,"2":0},"f":{"0":0,"1":0},"b":{},"_coverageSchema":"1a1c01bbd47fc00a2c39e90264f33305004495a9","hash":"bdb686b6c416d7ace917a49f40d14def798be0b8"}
,"/Users/audreesteinberg/hr/capstone/fec/client/src/Components/OverviewSect/ProductInfo/ProductOverview.jsx": {"path":"/Users/audreesteinberg/hr/capstone/fec/client/src/Components/OverviewSect/ProductInfo/ProductOverview.jsx","statementMap":{"0":{"start":{"line":6,"column":8},"end":{"line":6,"column":20}},"1":{"start":{"line":7,"column":8},"end":{"line":12,"column":9}},"2":{"start":{"line":17,"column":28},"end":{"line":21,"column":10}},"3":{"start":{"line":20,"column":12},"end":{"line":20,"column":77}},"4":{"start":{"line":23,"column":8},"end":{"line":30,"column":9}}},"fnMap":{"0":{"name":"(anonymous_0)","decl":{"start":{"line":5,"column":4},"end":{"line":5,"column":5}},"loc":{"start":{"line":5,"column":23},"end":{"line":13,"column":5}},"line":5},"1":{"name":"(anonymous_1)","decl":{"start":{"line":14,"column":4},"end":{"line":14,"column":5}},"loc":{"start":{"line":14,"column":13},"end":{"line":31,"column":5}},"line":14},"2":{"name":"(anonymous_2)","decl":{"start":{"line":17,"column":52},"end":{"line":17,"column":53}},"loc":{"start":{"line":17,"column":72},"end":{"line":21,"column":9}},"line":17}},"branchMap":{},"s":{"0":0,"1":0,"2":0,"3":0,"4":0},"f":{"0":0,"1":0,"2":0},"b":{},"_coverageSchema":"1a1c01bbd47fc00a2c39e90264f33305004495a9","hash":"5e8b0596519cc08926c57cef0e0158f7dc2e8a2a"}
,"/Users/audreesteinberg/hr/capstone/fec/client/src/Components/OverviewSect/StyleSelector/Price.jsx": {"path":"/Users/audreesteinberg/hr/capstone/fec/client/src/Components/OverviewSect/StyleSelector/Price.jsx","statementMap":{"0":{"start":{"line":4,"column":14},"end":{"line":20,"column":1}},"1":{"start":{"line":5,"column":4},"end":{"line":14,"column":5}},"2":{"start":{"line":6,"column":8},"end":{"line":13,"column":9}},"3":{"start":{"line":15,"column":4},"end":{"line":19,"column":5}}},"fnMap":{"0":{"name":"(anonymous_0)","decl":{"start":{"line":4,"column":14},"end":{"line":4,"column":15}},"loc":{"start":{"line":4,"column":45},"end":{"line":20,"column":1}},"line":4}},"branchMap":{"0":{"loc":{"start":{"line":5,"column":4},"end":{"line":14,"column":5}},"type":"if","locations":[{"start":{"line":5,"column":4},"end":{"line":14,"column":5}},{"start":{"line":5,"column":4},"end":{"line":14,"column":5}}],"line":5}},"s":{"0":3,"1":0,"2":0,"3":0},"f":{"0":0},"b":{"0":[0,0]},"_coverageSchema":"1a1c01bbd47fc00a2c39e90264f33305004495a9","hash":"a25db93e2882dea331e5f345e94bc0b6f587fdba"}
,"/Users/audreesteinberg/hr/capstone/fec/client/src/Components/OverviewSect/StyleSelector/StyleSelector.jsx": {"path":"/Users/audreesteinberg/hr/capstone/fec/client/src/Components/OverviewSect/StyleSelector/StyleSelector.jsx","statementMap":{"0":{"start":{"line":8,"column":8},"end":{"line":8,"column":20}},"1":{"start":{"line":9,"column":8},"end":{"line":14,"column":9}},"2":{"start":{"line":16,"column":8},"end":{"line":16,"column":55}},"3":{"start":{"line":20,"column":8},"end":{"line":22,"column":10}},"4":{"start":{"line":23,"column":8},"end":{"line":30,"column":9}},"5":{"start":{"line":23,"column":21},"end":{"line":23,"column":22}},"6":{"start":{"line":24,"column":12},"end":{"line":29,"column":13}},"7":{"start":{"line":26,"column":16},"end":{"line":28,"column":17}},"8":{"start":{"line":27,"column":20},"end":{"line":27,"column":86}},"9":{"start":{"line":34,"column":12},"end":{"line":36,"column":5}},"10":{"start":{"line":35,"column":8},"end":{"line":35,"column":38}},"11":{"start":{"line":40,"column":27},"end":{"line":43,"column":10}},"12":{"start":{"line":42,"column":12},"end":{"line":42,"column":132}},"13":{"start":{"line":45,"column":8},"end":{"line":51,"column":9}}},"fnMap":{"0":{"name":"(anonymous_0)","decl":{"start":{"line":7,"column":4},"end":{"line":7,"column":5}},"loc":{"start":{"line":7,"column":23},"end":{"line":17,"column":5}},"line":7},"1":{"name":"(anonymous_1)","decl":{"start":{"line":19,"column":4},"end":{"line":19,"column":5}},"loc":{"start":{"line":19,"column":23},"end":{"line":32,"column":5}},"line":19},"2":{"name":"(anonymous_2)","decl":{"start":{"line":34,"column":12},"end":{"line":34,"column":13}},"loc":{"start":{"line":34,"column":18},"end":{"line":36,"column":5}},"line":34},"3":{"name":"(anonymous_3)","decl":{"start":{"line":38,"column":4},"end":{"line":38,"column":5}},"loc":{"start":{"line":38,"column":13},"end":{"line":52,"column":5}},"line":38},"4":{"name":"(anonymous_4)","decl":{"start":{"line":40,"column":56},"end":{"line":40,"column":57}},"loc":{"start":{"line":40,"column":74},"end":{"line":43,"column":9}},"line":40}},"branchMap":{"0":{"loc":{"start":{"line":24,"column":12},"end":{"line":29,"column":13}},"type":"if","locations":[{"start":{"line":24,"column":12},"end":{"line":29,"column":13}},{"start":{"line":24,"column":12},"end":{"line":29,"column":13}}],"line":24},"1":{"loc":{"start":{"line":26,"column":16},"end":{"line":28,"column":17}},"type":"if","locations":[{"start":{"line":26,"column":16},"end":{"line":28,"column":17}},{"start":{"line":26,"column":16},"end":{"line":28,"column":17}}],"line":26}},"s":{"0":0,"1":0,"2":0,"3":0,"4":0,"5":0,"6":0,"7":0,"8":0,"9":0,"10":0,"11":0,"12":0,"13":0},"f":{"0":0,"1":0,"2":0,"3":0,"4":0},"b":{"0":[0,0],"1":[0,0]},"_coverageSchema":"1a1c01bbd47fc00a2c39e90264f33305004495a9","hash":"e06de65b41e9b6bf983831373e33b82dabddcf35"}
,"/Users/audreesteinberg/hr/capstone/fec/client/src/Components/OverviewSect/StyleSelector/Styles.jsx": {"path":"/Users/audreesteinberg/hr/capstone/fec/client/src/Components/OverviewSect/StyleSelector/Styles.jsx","statementMap":{"0":{"start":{"line":6,"column":8},"end":{"line":6,"column":20}},"1":{"start":{"line":7,"column":8},"end":{"line":7,"column":23}},"2":{"start":{"line":8,"column":8},"end":{"line":8,"column":55}},"3":{"start":{"line":12,"column":8},"end":{"line":12,"column":27}},"4":{"start":{"line":14,"column":8},"end":{"line":14,"column":45}},"5":{"start":{"line":19,"column":8},"end":{"line":23,"column":9}}},"fnMap":{"0":{"name":"(anonymous_0)","decl":{"start":{"line":5,"column":4},"end":{"line":5,"column":5}},"loc":{"start":{"line":5,"column":23},"end":{"line":9,"column":5}},"line":5},"1":{"name":"(anonymous_1)","decl":{"start":{"line":11,"column":4},"end":{"line":11,"column":5}},"loc":{"start":{"line":11,"column":19},"end":{"line":16,"column":5}},"line":11},"2":{"name":"(anonymous_2)","decl":{"start":{"line":18,"column":4},"end":{"line":18,"column":5}},"loc":{"start":{"line":18,"column":13},"end":{"line":24,"column":5}},"line":18}},"branchMap":{},"s":{"0":0,"1":0,"2":0,"3":0,"4":0,"5":0},"f":{"0":0,"1":0,"2":0},"b":{},"_coverageSchema":"1a1c01bbd47fc00a2c39e90264f33305004495a9","hash":"eaaac2497ceb5cd4cdf23465d9b61519b6249f01"}
,"/Users/audreesteinberg/hr/capstone/fec/client/src/Components/QuestionsAnswersSect/AddQuestion.jsx": {"path":"/Users/audreesteinberg/hr/capstone/fec/client/src/Components/QuestionsAnswersSect/AddQuestion.jsx","statementMap":{"0":{"start":{"line":7,"column":4},"end":{"line":7,"column":16}},"1":{"start":{"line":8,"column":4},"end":{"line":10,"column":5}},"2":{"start":{"line":11,"column":4},"end":{"line":11,"column":50}},"3":{"start":{"line":15,"column":2},"end":{"line":17,"column":4}},"4":{"start":{"line":21,"column":2},"end":{"line":23,"column":3}},"5":{"start":{"line":22,"column":4},"end":{"line":22,"column":16}},"6":{"start":{"line":24,"column":2},"end":{"line":36,"column":3}},"7":{"start":{"line":28,"column":31},"end":{"line":28,"column":54}},"8":{"start":{"line":28,"column":55},"end":{"line":28,"column":102}},"9":{"start":{"line":28,"column":103},"end":{"line":28,"column":128}},"10":{"start":{"line":30,"column":91},"end":{"line":30,"column":114}},"11":{"start":{"line":30,"column":115},"end":{"line":30,"column":133}}},"fnMap":{"0":{"name":"(anonymous_0)","decl":{"start":{"line":6,"column":2},"end":{"line":6,"column":3}},"loc":{"start":{"line":6,"column":20},"end":{"line":12,"column":3}},"line":6},"1":{"name":"(anonymous_1)","decl":{"start":{"line":14,"column":2},"end":{"line":14,"column":3}},"loc":{"start":{"line":14,"column":15},"end":{"line":18,"column":3}},"line":14},"2":{"name":"(anonymous_2)","decl":{"start":{"line":20,"column":0},"end":{"line":20,"column":1}},"loc":{"start":{"line":20,"column":8},"end":{"line":37,"column":1}},"line":20},"3":{"name":"(anonymous_3)","decl":{"start":{"line":28,"column":20},"end":{"line":28,"column":21}},"loc":{"start":{"line":28,"column":29},"end":{"line":28,"column":129}},"line":28},"4":{"name":"(anonymous_4)","decl":{"start":{"line":30,"column":81},"end":{"line":30,"column":82}},"loc":{"start":{"line":30,"column":90},"end":{"line":30,"column":134}},"line":30}},"branchMap":{"0":{"loc":{"start":{"line":21,"column":2},"end":{"line":23,"column":3}},"type":"if","locations":[{"start":{"line":21,"column":2},"end":{"line":23,"column":3}},{"start":{"line":21,"column":2},"end":{"line":23,"column":3}}],"line":21}},"s":{"0":0,"1":0,"2":0,"3":0,"4":0,"5":0,"6":0,"7":0,"8":0,"9":0,"10":0,"11":0},"f":{"0":0,"1":0,"2":0,"3":0,"4":0},"b":{"0":[0,0]},"_coverageSchema":"1a1c01bbd47fc00a2c39e90264f33305004495a9","hash":"19d69964332cada195213b87ff0424afd1fe43f2"}
,"/Users/audreesteinberg/hr/capstone/fec/client/src/Components/QuestionsAnswersSect/Answers.jsx": {"path":"/Users/audreesteinberg/hr/capstone/fec/client/src/Components/QuestionsAnswersSect/Answers.jsx","statementMap":{"0":{"start":{"line":7,"column":4},"end":{"line":7,"column":16}},"1":{"start":{"line":8,"column":4},"end":{"line":12,"column":5}},"2":{"start":{"line":13,"column":4},"end":{"line":13,"column":34}},"3":{"start":{"line":14,"column":4},"end":{"line":14,"column":49}},"4":{"start":{"line":19,"column":13},"end":{"line":19,"column":30}},"5":{"start":{"line":20,"column":17},"end":{"line":33,"column":5}},"6":{"start":{"line":35,"column":16},"end":{"line":35,"column":48}},"7":{"start":{"line":36,"column":4},"end":{"line":36,"column":71}},"8":{"start":{"line":37,"column":4},"end":{"line":37,"column":16}},"9":{"start":{"line":41,"column":4},"end":{"line":55,"column":5}},"10":{"start":{"line":42,"column":18},"end":{"line":42,"column":36}},"11":{"start":{"line":43,"column":16},"end":{"line":43,"column":42}},"12":{"start":{"line":44,"column":6},"end":{"line":47,"column":8}},"13":{"start":{"line":49,"column":18},"end":{"line":49,"column":36}},"14":{"start":{"line":50,"column":16},"end":{"line":50,"column":42}},"15":{"start":{"line":51,"column":6},"end":{"line":54,"column":8}},"16":{"start":{"line":64,"column":4},"end":{"line":78,"column":5}},"17":{"start":{"line":70,"column":10},"end":{"line":70,"column":46}}},"fnMap":{"0":{"name":"(anonymous_0)","decl":{"start":{"line":6,"column":2},"end":{"line":6,"column":3}},"loc":{"start":{"line":6,"column":20},"end":{"line":15,"column":3}},"line":6},"1":{"name":"(anonymous_1)","decl":{"start":{"line":18,"column":0},"end":{"line":18,"column":1}},"loc":{"start":{"line":18,"column":19},"end":{"line":38,"column":1}},"line":18},"2":{"name":"(anonymous_2)","decl":{"start":{"line":40,"column":2},"end":{"line":40,"column":3}},"loc":{"start":{"line":40,"column":7},"end":{"line":56,"column":3}},"line":40},"3":{"name":"(anonymous_3)","decl":{"start":{"line":59,"column":2},"end":{"line":59,"column":3}},"loc":{"start":{"line":59,"column":10},"end":{"line":79,"column":3}},"line":59},"4":{"name":"(anonymous_4)","decl":{"start":{"line":69,"column":39},"end":{"line":69,"column":40}},"loc":{"start":{"line":69,"column":48},"end":{"line":71,"column":9}},"line":69}},"branchMap":{"0":{"loc":{"start":{"line":41,"column":4},"end":{"line":55,"column":5}},"type":"if","locations":[{"start":{"line":41,"column":4},"end":{"line":55,"column":5}},{"start":{"line":41,"column":4},"end":{"line":55,"column":5}}],"line":41}},"s":{"0":0,"1":0,"2":0,"3":0,"4":0,"5":0,"6":0,"7":0,"8":0,"9":0,"10":0,"11":0,"12":0,"13":0,"14":0,"15":0,"16":0,"17":0},"f":{"0":0,"1":0,"2":0,"3":0,"4":0},"b":{"0":[0,0]},"_coverageSchema":"1a1c01bbd47fc00a2c39e90264f33305004495a9","hash":"30e633e409c5ff82fae14f7a5ab3ff567b8d2685"}
,"/Users/audreesteinberg/hr/capstone/fec/client/src/Components/QuestionsAnswersSect/Modal.jsx": {"path":"/Users/audreesteinberg/hr/capstone/fec/client/src/Components/QuestionsAnswersSect/Modal.jsx","statementMap":{"0":{"start":{"line":6,"column":4},"end":{"line":6,"column":16}},"1":{"start":{"line":7,"column":4},"end":{"line":9,"column":5}},"2":{"start":{"line":15,"column":4},"end":{"line":17,"column":5}},"3":{"start":{"line":16,"column":6},"end":{"line":16,"column":17}},"4":{"start":{"line":18,"column":4},"end":{"line":25,"column":9}},"5":{"start":{"line":21,"column":33},"end":{"line":21,"column":57}},"6":{"start":{"line":22,"column":28},"end":{"line":22,"column":52}}},"fnMap":{"0":{"name":"(anonymous_0)","decl":{"start":{"line":5,"column":2},"end":{"line":5,"column":3}},"loc":{"start":{"line":5,"column":20},"end":{"line":10,"column":3}},"line":5},"1":{"name":"(anonymous_1)","decl":{"start":{"line":14,"column":2},"end":{"line":14,"column":3}},"loc":{"start":{"line":14,"column":11},"end":{"line":26,"column":3}},"line":14},"2":{"name":"(anonymous_2)","decl":{"start":{"line":21,"column":23},"end":{"line":21,"column":24}},"loc":{"start":{"line":21,"column":32},"end":{"line":21,"column":59}},"line":21},"3":{"name":"(anonymous_3)","decl":{"start":{"line":22,"column":18},"end":{"line":22,"column":19}},"loc":{"start":{"line":22,"column":27},"end":{"line":22,"column":54}},"line":22}},"branchMap":{"0":{"loc":{"start":{"line":15,"column":4},"end":{"line":17,"column":5}},"type":"if","locations":[{"start":{"line":15,"column":4},"end":{"line":17,"column":5}},{"start":{"line":15,"column":4},"end":{"line":17,"column":5}}],"line":15}},"s":{"0":0,"1":0,"2":0,"3":0,"4":0,"5":0,"6":0},"f":{"0":0,"1":0,"2":0,"3":0},"b":{"0":[0,0]},"_coverageSchema":"1a1c01bbd47fc00a2c39e90264f33305004495a9","hash":"ab010ed6590511e29e61eec744cc12b0def45016"}
,"/Users/audreesteinberg/hr/capstone/fec/client/src/Components/QuestionsAnswersSect/Pictures.jsx": {"path":"/Users/audreesteinberg/hr/capstone/fec/client/src/Components/QuestionsAnswersSect/Pictures.jsx","statementMap":{"0":{"start":{"line":6,"column":4},"end":{"line":6,"column":16}},"1":{"start":{"line":7,"column":4},"end":{"line":9,"column":5}},"2":{"start":{"line":10,"column":4},"end":{"line":10,"column":49}},"3":{"start":{"line":11,"column":4},"end":{"line":11,"column":50}},"4":{"start":{"line":14,"column":4},"end":{"line":16,"column":6}},"5":{"start":{"line":19,"column":4},"end":{"line":19,"column":43}},"6":{"start":{"line":23,"column":4},"end":{"line":28,"column":5}},"7":{"start":{"line":25,"column":28},"end":{"line":25,"column":45}}},"fnMap":{"0":{"name":"(anonymous_0)","decl":{"start":{"line":5,"column":2},"end":{"line":5,"column":3}},"loc":{"start":{"line":5,"column":20},"end":{"line":12,"column":3}},"line":5},"1":{"name":"(anonymous_1)","decl":{"start":{"line":13,"column":2},"end":{"line":13,"column":3}},"loc":{"start":{"line":13,"column":14},"end":{"line":17,"column":3}},"line":13},"2":{"name":"(anonymous_2)","decl":{"start":{"line":18,"column":2},"end":{"line":18,"column":3}},"loc":{"start":{"line":18,"column":15},"end":{"line":20,"column":3}},"line":18},"3":{"name":"(anonymous_3)","decl":{"start":{"line":22,"column":2},"end":{"line":22,"column":3}},"loc":{"start":{"line":22,"column":10},"end":{"line":29,"column":3}},"line":22},"4":{"name":"(anonymous_4)","decl":{"start":{"line":25,"column":18},"end":{"line":25,"column":19}},"loc":{"start":{"line":25,"column":27},"end":{"line":25,"column":47}},"line":25}},"branchMap":{},"s":{"0":0,"1":0,"2":0,"3":0,"4":0,"5":0,"6":0,"7":0},"f":{"0":0,"1":0,"2":0,"3":0,"4":0},"b":{},"_coverageSchema":"1a1c01bbd47fc00a2c39e90264f33305004495a9","hash":"70fe31b0f81157aa9947588d3f8b56df6a9eae2a"}
,"/Users/audreesteinberg/hr/capstone/fec/client/src/Components/QuestionsAnswersSect/Q&AList.jsx": {"path":"/Users/audreesteinberg/hr/capstone/fec/client/src/Components/QuestionsAnswersSect/Q&AList.jsx","statementMap":{"0":{"start":{"line":6,"column":4},"end":{"line":6,"column":16}},"1":{"start":{"line":7,"column":4},"end":{"line":9,"column":5}},"2":{"start":{"line":13,"column":4},"end":{"line":23,"column":5}},"3":{"start":{"line":17,"column":10},"end":{"line":17,"column":50}}},"fnMap":{"0":{"name":"(anonymous_0)","decl":{"start":{"line":5,"column":2},"end":{"line":5,"column":3}},"loc":{"start":{"line":5,"column":20},"end":{"line":10,"column":3}},"line":5},"1":{"name":"(anonymous_1)","decl":{"start":{"line":11,"column":2},"end":{"line":11,"column":3}},"loc":{"start":{"line":11,"column":10},"end":{"line":26,"column":3}},"line":11},"2":{"name":"(anonymous_2)","decl":{"start":{"line":16,"column":32},"end":{"line":16,"column":33}},"loc":{"start":{"line":16,"column":45},"end":{"line":18,"column":9}},"line":16}},"branchMap":{},"s":{"0":0,"1":0,"2":0,"3":0},"f":{"0":0,"1":0,"2":0},"b":{},"_coverageSchema":"1a1c01bbd47fc00a2c39e90264f33305004495a9","hash":"4c285479fa8de2d7c7516ef7db69503cfab92e58"}
,"/Users/audreesteinberg/hr/capstone/fec/client/src/Components/QuestionsAnswersSect/Question.jsx": {"path":"/Users/audreesteinberg/hr/capstone/fec/client/src/Components/QuestionsAnswersSect/Question.jsx","statementMap":{"0":{"start":{"line":7,"column":4},"end":{"line":7,"column":16}},"1":{"start":{"line":8,"column":4},"end":{"line":14,"column":5}},"2":{"start":{"line":15,"column":4},"end":{"line":15,"column":39}},"3":{"start":{"line":16,"column":4},"end":{"line":16,"column":34}},"4":{"start":{"line":17,"column":4},"end":{"line":17,"column":44}},"5":{"start":{"line":18,"column":4},"end":{"line":18,"column":36}},"6":{"start":{"line":22,"column":15},"end":{"line":22,"column":17}},"7":{"start":{"line":23,"column":4},"end":{"line":23,"column":39}},"8":{"start":{"line":24,"column":4},"end":{"line":24,"column":39}},"9":{"start":{"line":25,"column":4},"end":{"line":27,"column":6}},"10":{"start":{"line":32,"column":16},"end":{"line":32,"column":18}},"11":{"start":{"line":33,"column":4},"end":{"line":35,"column":5}},"12":{"start":{"line":34,"column":6},"end":{"line":34,"column":47}},"13":{"start":{"line":36,"column":17},"end":{"line":36,"column":19}},"14":{"start":{"line":37,"column":4},"end":{"line":37,"column":25}},"15":{"start":{"line":38,"column":4},"end":{"line":38,"column":25}},"16":{"start":{"line":39,"column":4},"end":{"line":43,"column":6}},"17":{"start":{"line":47,"column":16},"end":{"line":47,"column":18}},"18":{"start":{"line":48,"column":24},"end":{"line":48,"column":49}},"19":{"start":{"line":50,"column":4},"end":{"line":55,"column":5}},"20":{"start":{"line":51,"column":6},"end":{"line":53,"column":7}},"21":{"start":{"line":52,"column":8},"end":{"line":52,"column":55}},"22":{"start":{"line":54,"column":6},"end":{"line":54,"column":22}},"23":{"start":{"line":57,"column":4},"end":{"line":59,"column":6}},"24":{"start":{"line":65,"column":0},"end":{"line":81,"column":1}},"25":{"start":{"line":66,"column":12},"end":{"line":66,"column":30}},"26":{"start":{"line":67,"column":10},"end":{"line":67,"column":45}},"27":{"start":{"line":68,"column":0},"end":{"line":71,"column":2}},"28":{"start":{"line":74,"column":14},"end":{"line":74,"column":32}},"29":{"start":{"line":75,"column":12},"end":{"line":75,"column":47}},"30":{"start":{"line":76,"column":2},"end":{"line":79,"column":4}},"31":{"start":{"line":88,"column":2},"end":{"line":88,"column":17}},"32":{"start":{"line":93,"column":0},"end":{"line":140,"column":7}},"33":{"start":{"line":95,"column":4},"end":{"line":114,"column":5}},"34":{"start":{"line":105,"column":8},"end":{"line":107,"column":9}},"35":{"start":{"line":106,"column":10},"end":{"line":106,"column":54}},"36":{"start":{"line":110,"column":61},"end":{"line":110,"column":72}},"37":{"start":{"line":116,"column":8},"end":{"line":137,"column":9}},"38":{"start":{"line":126,"column":14},"end":{"line":128,"column":15}},"39":{"start":{"line":127,"column":16},"end":{"line":127,"column":60}},"40":{"start":{"line":133,"column":65},"end":{"line":133,"column":76}}},"fnMap":{"0":{"name":"(anonymous_0)","decl":{"start":{"line":6,"column":2},"end":{"line":6,"column":3}},"loc":{"start":{"line":6,"column":20},"end":{"line":19,"column":3}},"line":6},"1":{"name":"(anonymous_1)","decl":{"start":{"line":21,"column":2},"end":{"line":21,"column":3}},"loc":{"start":{"line":21,"column":8},"end":{"line":29,"column":3}},"line":21},"2":{"name":"(anonymous_2)","decl":{"start":{"line":31,"column":2},"end":{"line":31,"column":3}},"loc":{"start":{"line":31,"column":12},"end":{"line":44,"column":3}},"line":31},"3":{"name":"(anonymous_3)","decl":{"start":{"line":46,"column":2},"end":{"line":46,"column":3}},"loc":{"start":{"line":46,"column":10},"end":{"line":61,"column":3}},"line":46},"4":{"name":"(anonymous_4)","decl":{"start":{"line":63,"column":0},"end":{"line":63,"column":1}},"loc":{"start":{"line":63,"column":5},"end":{"line":84,"column":1}},"line":63},"5":{"name":"(anonymous_5)","decl":{"start":{"line":87,"column":1},"end":{"line":87,"column":2}},"loc":{"start":{"line":87,"column":20},"end":{"line":89,"column":2}},"line":87},"6":{"name":"(anonymous_6)","decl":{"start":{"line":92,"column":2},"end":{"line":92,"column":3}},"loc":{"start":{"line":92,"column":10},"end":{"line":143,"column":3}},"line":92},"7":{"name":"(anonymous_7)","decl":{"start":{"line":104,"column":32},"end":{"line":104,"column":33}},"loc":{"start":{"line":104,"column":46},"end":{"line":108,"column":9}},"line":104},"8":{"name":"(anonymous_8)","decl":{"start":{"line":110,"column":49},"end":{"line":110,"column":50}},"loc":{"start":{"line":110,"column":60},"end":{"line":110,"column":73}},"line":110},"9":{"name":"(anonymous_9)","decl":{"start":{"line":125,"column":36},"end":{"line":125,"column":37}},"loc":{"start":{"line":125,"column":50},"end":{"line":129,"column":13}},"line":125},"10":{"name":"(anonymous_10)","decl":{"start":{"line":133,"column":53},"end":{"line":133,"column":54}},"loc":{"start":{"line":133,"column":64},"end":{"line":133,"column":77}},"line":133}},"branchMap":{"0":{"loc":{"start":{"line":51,"column":6},"end":{"line":53,"column":7}},"type":"if","locations":[{"start":{"line":51,"column":6},"end":{"line":53,"column":7}},{"start":{"line":51,"column":6},"end":{"line":53,"column":7}}],"line":51},"1":{"loc":{"start":{"line":65,"column":0},"end":{"line":81,"column":1}},"type":"if","locations":[{"start":{"line":65,"column":0},"end":{"line":81,"column":1}},{"start":{"line":65,"column":0},"end":{"line":81,"column":1}}],"line":65},"2":{"loc":{"start":{"line":93,"column":0},"end":{"line":140,"column":7}},"type":"if","locations":[{"start":{"line":93,"column":0},"end":{"line":140,"column":7}},{"start":{"line":93,"column":0},"end":{"line":140,"column":7}}],"line":93},"3":{"loc":{"start":{"line":93,"column":3},"end":{"line":93,"column":97}},"type":"binary-expr","locations":[{"start":{"line":93,"column":3},"end":{"line":93,"column":35}},{"start":{"line":93,"column":40},"end":{"line":93,"column":97}}],"line":93},"4":{"loc":{"start":{"line":105,"column":8},"end":{"line":107,"column":9}},"type":"if","locations":[{"start":{"line":105,"column":8},"end":{"line":107,"column":9}},{"start":{"line":105,"column":8},"end":{"line":107,"column":9}}],"line":105},"5":{"loc":{"start":{"line":126,"column":14},"end":{"line":128,"column":15}},"type":"if","locations":[{"start":{"line":126,"column":14},"end":{"line":128,"column":15}},{"start":{"line":126,"column":14},"end":{"line":128,"column":15}}],"line":126}},"s":{"0":0,"1":0,"2":0,"3":0,"4":0,"5":0,"6":0,"7":0,"8":0,"9":0,"10":0,"11":0,"12":0,"13":0,"14":0,"15":0,"16":0,"17":0,"18":0,"19":0,"20":0,"21":0,"22":0,"23":0,"24":0,"25":0,"26":0,"27":0,"28":0,"29":0,"30":0,"31":0,"32":0,"33":0,"34":0,"35":0,"36":0,"37":0,"38":0,"39":0,"40":0},"f":{"0":0,"1":0,"2":0,"3":0,"4":0,"5":0,"6":0,"7":0,"8":0,"9":0,"10":0},"b":{"0":[0,0],"1":[0,0],"2":[0,0],"3":[0,0],"4":[0,0],"5":[0,0]},"_coverageSchema":"1a1c01bbd47fc00a2c39e90264f33305004495a9","hash":"9eca1950150ae371962d87e03cca7eb536113e61"}
,"/Users/audreesteinberg/hr/capstone/fec/client/src/Components/QuestionsAnswersSect/QuestionsAnswersSect.jsx": {"path":"/Users/audreesteinberg/hr/capstone/fec/client/src/Components/QuestionsAnswersSect/QuestionsAnswersSect.jsx","statementMap":{"0":{"start":{"line":9,"column":4},"end":{"line":9,"column":17}},"1":{"start":{"line":10,"column":4},"end":{"line":16,"column":6}},"2":{"start":{"line":17,"column":4},"end":{"line":17,"column":53}},"3":{"start":{"line":18,"column":4},"end":{"line":18,"column":55}},"4":{"start":{"line":19,"column":4},"end":{"line":19,"column":47}},"5":{"start":{"line":20,"column":4},"end":{"line":20,"column":45}},"6":{"start":{"line":21,"column":4},"end":{"line":21,"column":51}},"7":{"start":{"line":22,"column":4},"end":{"line":22,"column":56}},"8":{"start":{"line":26,"column":16},"end":{"line":26,"column":26}},"9":{"start":{"line":27,"column":16},"end":{"line":27,"column":35}},"10":{"start":{"line":28,"column":22},"end":{"line":36,"column":5}},"11":{"start":{"line":37,"column":4},"end":{"line":37,"column":15}},"12":{"start":{"line":39,"column":4},"end":{"line":42,"column":6}},"13":{"start":{"line":48,"column":16},"end":{"line":48,"column":31}},"14":{"start":{"line":49,"column":4},"end":{"line":51,"column":6}},"15":{"start":{"line":55,"column":4},"end":{"line":64,"column":8}},"16":{"start":{"line":58,"column":18},"end":{"line":58,"column":20}},"17":{"start":{"line":59,"column":6},"end":{"line":59,"column":43}},"18":{"start":{"line":60,"column":6},"end":{"line":60,"column":43}},"19":{"start":{"line":61,"column":6},"end":{"line":64,"column":6}},"20":{"start":{"line":68,"column":4},"end":{"line":86,"column":3}},"21":{"start":{"line":69,"column":18},"end":{"line":69,"column":20}},"22":{"start":{"line":70,"column":6},"end":{"line":70,"column":37}},"23":{"start":{"line":71,"column":6},"end":{"line":71,"column":37}},"24":{"start":{"line":72,"column":6},"end":{"line":74,"column":8}},"25":{"start":{"line":76,"column":16},"end":{"line":76,"column":18}},"26":{"start":{"line":77,"column":4},"end":{"line":81,"column":5}},"27":{"start":{"line":77,"column":16},"end":{"line":77,"column":17}},"28":{"start":{"line":78,"column":6},"end":{"line":80,"column":7}},"29":{"start":{"line":79,"column":8},"end":{"line":79,"column":39}},"30":{"start":{"line":83,"column":4},"end":{"line":85,"column":6}},"31":{"start":{"line":90,"column":18},"end":{"line":90,"column":20}},"32":{"start":{"line":91,"column":26},"end":{"line":91,"column":51}},"33":{"start":{"line":93,"column":4},"end":{"line":98,"column":5}},"34":{"start":{"line":94,"column":6},"end":{"line":96,"column":7}},"35":{"start":{"line":95,"column":8},"end":{"line":95,"column":51}},"36":{"start":{"line":97,"column":6},"end":{"line":97,"column":21}},"37":{"start":{"line":100,"column":4},"end":{"line":102,"column":6}},"38":{"start":{"line":107,"column":4},"end":{"line":107,"column":20}},"39":{"start":{"line":111,"column":4},"end":{"line":113,"column":6}},"40":{"start":{"line":120,"column":4},"end":{"line":133,"column":5}},"41":{"start":{"line":124,"column":33},"end":{"line":124,"column":56}},"42":{"start":{"line":124,"column":57},"end":{"line":124,"column":73}},"43":{"start":{"line":125,"column":116},"end":{"line":125,"column":139}},"44":{"start":{"line":125,"column":140},"end":{"line":125,"column":159}},"45":{"start":{"line":131,"column":33},"end":{"line":131,"column":51}}},"fnMap":{"0":{"name":"(anonymous_0)","decl":{"start":{"line":8,"column":2},"end":{"line":8,"column":3}},"loc":{"start":{"line":8,"column":21},"end":{"line":23,"column":3}},"line":8},"1":{"name":"(anonymous_1)","decl":{"start":{"line":25,"column":2},"end":{"line":25,"column":3}},"loc":{"start":{"line":25,"column":26},"end":{"line":44,"column":3}},"line":25},"2":{"name":"(anonymous_2)","decl":{"start":{"line":47,"column":2},"end":{"line":47,"column":3}},"loc":{"start":{"line":47,"column":15},"end":{"line":52,"column":3}},"line":47},"3":{"name":"(anonymous_3)","decl":{"start":{"line":54,"column":2},"end":{"line":54,"column":3}},"loc":{"start":{"line":54,"column":12},"end":{"line":65,"column":3}},"line":54},"4":{"name":"(anonymous_4)","decl":{"start":{"line":57,"column":13},"end":{"line":57,"column":14}},"loc":{"start":{"line":57,"column":25},"end":{"line":64,"column":7}},"line":57},"5":{"name":"(anonymous_5)","decl":{"start":{"line":67,"column":2},"end":{"line":67,"column":3}},"loc":{"start":{"line":67,"column":13},"end":{"line":87,"column":3}},"line":67},"6":{"name":"(anonymous_6)","decl":{"start":{"line":89,"column":2},"end":{"line":89,"column":3}},"loc":{"start":{"line":89,"column":17},"end":{"line":103,"column":3}},"line":89},"7":{"name":"(anonymous_7)","decl":{"start":{"line":106,"column":2},"end":{"line":106,"column":3}},"loc":{"start":{"line":106,"column":21},"end":{"line":108,"column":3}},"line":106},"8":{"name":"(anonymous_8)","decl":{"start":{"line":110,"column":2},"end":{"line":110,"column":3}},"loc":{"start":{"line":110,"column":16},"end":{"line":115,"column":3}},"line":110},"9":{"name":"(anonymous_9)","decl":{"start":{"line":118,"column":2},"end":{"line":118,"column":3}},"loc":{"start":{"line":118,"column":11},"end":{"line":134,"column":3}},"line":118},"10":{"name":"(anonymous_10)","decl":{"start":{"line":124,"column":23},"end":{"line":124,"column":24}},"loc":{"start":{"line":124,"column":32},"end":{"line":124,"column":74}},"line":124},"11":{"name":"(anonymous_11)","decl":{"start":{"line":125,"column":106},"end":{"line":125,"column":107}},"loc":{"start":{"line":125,"column":115},"end":{"line":125,"column":160}},"line":125},"12":{"name":"(anonymous_12)","decl":{"start":{"line":131,"column":23},"end":{"line":131,"column":24}},"loc":{"start":{"line":131,"column":32},"end":{"line":131,"column":52}},"line":131}},"branchMap":{"0":{"loc":{"start":{"line":68,"column":4},"end":{"line":86,"column":3}},"type":"if","locations":[{"start":{"line":68,"column":4},"end":{"line":86,"column":3}},{"start":{"line":68,"column":4},"end":{"line":86,"column":3}}],"line":68},"1":{"loc":{"start":{"line":78,"column":6},"end":{"line":80,"column":7}},"type":"if","locations":[{"start":{"line":78,"column":6},"end":{"line":80,"column":7}},{"start":{"line":78,"column":6},"end":{"line":80,"column":7}}],"line":78},"2":{"loc":{"start":{"line":94,"column":6},"end":{"line":96,"column":7}},"type":"if","locations":[{"start":{"line":94,"column":6},"end":{"line":96,"column":7}},{"start":{"line":94,"column":6},"end":{"line":96,"column":7}}],"line":94}},"s":{"0":1,"1":1,"2":1,"3":1,"4":1,"5":1,"6":1,"7":1,"8":0,"9":0,"10":0,"11":0,"12":0,"13":0,"14":0,"15":1,"16":0,"17":0,"18":0,"19":0,"20":0,"21":0,"22":0,"23":0,"24":0,"25":0,"26":0,"27":0,"28":0,"29":0,"30":0,"31":0,"32":0,"33":0,"34":0,"35":0,"36":0,"37":0,"38":1,"39":0,"40":1,"41":0,"42":0,"43":0,"44":0,"45":0},"f":{"0":1,"1":0,"2":0,"3":1,"4":0,"5":0,"6":0,"7":1,"8":0,"9":1,"10":0,"11":0,"12":0},"b":{"0":[0,0],"1":[0,0],"2":[0,0]},"_coverageSchema":"1a1c01bbd47fc00a2c39e90264f33305004495a9","hash":"f20248bb6d8afe05450d0dfb7af28ca41cb999da"}
,"/Users/audreesteinberg/hr/capstone/fec/client/src/Components/RatingsAndReviewsSect/AddReviewButton.jsx": {"path":"/Users/audreesteinberg/hr/capstone/fec/client/src/Components/RatingsAndReviewsSect/AddReviewButton.jsx","statementMap":{"0":{"start":{"line":4,"column":22},"end":{"line":8,"column":1}},"1":{"start":{"line":5,"column":2},"end":{"line":7,"column":3}}},"fnMap":{"0":{"name":"(anonymous_0)","decl":{"start":{"line":4,"column":22},"end":{"line":4,"column":23}},"loc":{"start":{"line":4,"column":33},"end":{"line":8,"column":1}},"line":4}},"branchMap":{},"s":{"0":3,"1":4},"f":{"0":4},"b":{},"_coverageSchema":"1a1c01bbd47fc00a2c39e90264f33305004495a9","hash":"625d25ddd718bc678c5a31db2805c27b83322f0b"}
,"/Users/audreesteinberg/hr/capstone/fec/client/src/Components/RatingsAndReviewsSect/AvgRatings.jsx": {"path":"/Users/audreesteinberg/hr/capstone/fec/client/src/Components/RatingsAndReviewsSect/AvgRatings.jsx","statementMap":{"0":{"start":{"line":5,"column":17},"end":{"line":12,"column":1}},"1":{"start":{"line":6,"column":2},"end":{"line":11,"column":3}}},"fnMap":{"0":{"name":"(anonymous_0)","decl":{"start":{"line":5,"column":17},"end":{"line":5,"column":18}},"loc":{"start":{"line":5,"column":28},"end":{"line":12,"column":1}},"line":5}},"branchMap":{},"s":{"0":4,"1":5},"f":{"0":5},"b":{},"_coverageSchema":"1a1c01bbd47fc00a2c39e90264f33305004495a9","hash":"17e0a1b66b6e7cf7302228453e04e23c1dabf3ff"}
,"/Users/audreesteinberg/hr/capstone/fec/client/src/Components/RatingsAndReviewsSect/AvgRecs.jsx": {"path":"/Users/audreesteinberg/hr/capstone/fec/client/src/Components/RatingsAndReviewsSect/AvgRecs.jsx","statementMap":{"0":{"start":{"line":4,"column":14},"end":{"line":8,"column":1}},"1":{"start":{"line":5,"column":2},"end":{"line":7,"column":3}}},"fnMap":{"0":{"name":"(anonymous_0)","decl":{"start":{"line":4,"column":14},"end":{"line":4,"column":15}},"loc":{"start":{"line":4,"column":25},"end":{"line":8,"column":1}},"line":4}},"branchMap":{},"s":{"0":4,"1":5},"f":{"0":5},"b":{},"_coverageSchema":"1a1c01bbd47fc00a2c39e90264f33305004495a9","hash":"8e195021166c361a14463cf5ce096296bdc7295b"}
,"/Users/audreesteinberg/hr/capstone/fec/client/src/Components/RatingsAndReviewsSect/CharacteristicGraph.jsx": {"path":"/Users/audreesteinberg/hr/capstone/fec/client/src/Components/RatingsAndReviewsSect/CharacteristicGraph.jsx","statementMap":{"0":{"start":{"line":4,"column":26},"end":{"line":28,"column":1}},"1":{"start":{"line":5,"column":15},"end":{"line":12,"column":3}},"2":{"start":{"line":14,"column":2},"end":{"line":27,"column":3}}},"fnMap":{"0":{"name":"(anonymous_0)","decl":{"start":{"line":4,"column":26},"end":{"line":4,"column":27}},"loc":{"start":{"line":4,"column":45},"end":{"line":28,"column":1}},"line":4}},"branchMap":{},"s":{"0":5,"1":1,"2":1},"f":{"0":1},"b":{},"_coverageSchema":"1a1c01bbd47fc00a2c39e90264f33305004495a9","hash":"eda4be471608710a163e43436a56adcc6b0b6a95"}
,"/Users/audreesteinberg/hr/capstone/fec/client/src/Components/RatingsAndReviewsSect/Characteristics.jsx": {"path":"/Users/audreesteinberg/hr/capstone/fec/client/src/Components/RatingsAndReviewsSect/Characteristics.jsx","statementMap":{"0":{"start":{"line":6,"column":4},"end":{"line":6,"column":17}},"1":{"start":{"line":7,"column":4},"end":{"line":14,"column":5}},"2":{"start":{"line":15,"column":4},"end":{"line":15,"column":62}},"3":{"start":{"line":19,"column":4},"end":{"line":19,"column":53}},"4":{"start":{"line":20,"column":17},"end":{"line":20,"column":61}},"5":{"start":{"line":21,"column":20},"end":{"line":21,"column":34}},"6":{"start":{"line":22,"column":18},"end":{"line":22,"column":47}},"7":{"start":{"line":23,"column":4},"end":{"line":23,"column":45}},"8":{"start":{"line":27,"column":4},"end":{"line":77,"column":5}},"9":{"start":{"line":81,"column":4},"end":{"line":130,"column":5}},"10":{"start":{"line":134,"column":4},"end":{"line":183,"column":5}},"11":{"start":{"line":188,"column":4},"end":{"line":237,"column":5}},"12":{"start":{"line":241,"column":4},"end":{"line":290,"column":5}},"13":{"start":{"line":294,"column":4},"end":{"line":343,"column":5}},"14":{"start":{"line":347,"column":4},"end":{"line":356,"column":5}}},"fnMap":{"0":{"name":"(anonymous_0)","decl":{"start":{"line":5,"column":2},"end":{"line":5,"column":3}},"loc":{"start":{"line":5,"column":21},"end":{"line":16,"column":3}},"line":5},"1":{"name":"(anonymous_1)","decl":{"start":{"line":18,"column":2},"end":{"line":18,"column":3}},"loc":{"start":{"line":18,"column":23},"end":{"line":24,"column":3}},"line":18},"2":{"name":"(anonymous_2)","decl":{"start":{"line":26,"column":2},"end":{"line":26,"column":3}},"loc":{"start":{"line":26,"column":22},"end":{"line":78,"column":3}},"line":26},"3":{"name":"(anonymous_3)","decl":{"start":{"line":80,"column":2},"end":{"line":80,"column":3}},"loc":{"start":{"line":80,"column":23},"end":{"line":131,"column":3}},"line":80},"4":{"name":"(anonymous_4)","decl":{"start":{"line":133,"column":2},"end":{"line":133,"column":3}},"loc":{"start":{"line":133,"column":25},"end":{"line":184,"column":3}},"line":133},"5":{"name":"(anonymous_5)","decl":{"start":{"line":187,"column":2},"end":{"line":187,"column":3}},"loc":{"start":{"line":187,"column":25},"end":{"line":238,"column":3}},"line":187},"6":{"name":"(anonymous_6)","decl":{"start":{"line":240,"column":2},"end":{"line":240,"column":3}},"loc":{"start":{"line":240,"column":24},"end":{"line":291,"column":3}},"line":240},"7":{"name":"(anonymous_7)","decl":{"start":{"line":293,"column":2},"end":{"line":293,"column":3}},"loc":{"start":{"line":293,"column":21},"end":{"line":344,"column":3}},"line":293},"8":{"name":"(anonymous_8)","decl":{"start":{"line":346,"column":2},"end":{"line":346,"column":3}},"loc":{"start":{"line":346,"column":11},"end":{"line":357,"column":3}},"line":346}},"branchMap":{"0":{"loc":{"start":{"line":349,"column":9},"end":{"line":349,"column":74}},"type":"cond-expr","locations":[{"start":{"line":349,"column":43},"end":{"line":349,"column":67}},{"start":{"line":349,"column":70},"end":{"line":349,"column":74}}],"line":349},"1":{"loc":{"start":{"line":350,"column":9},"end":{"line":350,"column":76}},"type":"cond-expr","locations":[{"start":{"line":350,"column":44},"end":{"line":350,"column":69}},{"start":{"line":350,"column":72},"end":{"line":350,"column":76}}],"line":350},"2":{"loc":{"start":{"line":351,"column":9},"end":{"line":351,"column":80}},"type":"cond-expr","locations":[{"start":{"line":351,"column":46},"end":{"line":351,"column":73}},{"start":{"line":351,"column":76},"end":{"line":351,"column":80}}],"line":351},"3":{"loc":{"start":{"line":352,"column":9},"end":{"line":352,"column":80}},"type":"cond-expr","locations":[{"start":{"line":352,"column":46},"end":{"line":352,"column":73}},{"start":{"line":352,"column":76},"end":{"line":352,"column":80}}],"line":352},"4":{"loc":{"start":{"line":353,"column":9},"end":{"line":353,"column":78}},"type":"cond-expr","locations":[{"start":{"line":353,"column":45},"end":{"line":353,"column":71}},{"start":{"line":353,"column":74},"end":{"line":353,"column":78}}],"line":353},"5":{"loc":{"start":{"line":354,"column":9},"end":{"line":354,"column":72}},"type":"cond-expr","locations":[{"start":{"line":354,"column":42},"end":{"line":354,"column":65}},{"start":{"line":354,"column":68},"end":{"line":354,"column":72}}],"line":354}},"s":{"0":2,"1":2,"2":2,"3":0,"4":0,"5":0,"6":0,"7":0,"8":1,"9":1,"10":1,"11":1,"12":1,"13":1,"14":2},"f":{"0":2,"1":0,"2":1,"3":1,"4":1,"5":1,"6":1,"7":1,"8":2},"b":{"0":[1,1],"1":[1,1],"2":[1,1],"3":[1,1],"4":[1,1],"5":[1,1]},"_coverageSchema":"1a1c01bbd47fc00a2c39e90264f33305004495a9","hash":"ab4da1912d8443bba4e2401d15cb6c17fa40714f"}
,"/Users/audreesteinberg/hr/capstone/fec/client/src/Components/RatingsAndReviewsSect/CharacteristicsSummary.jsx": {"path":"/Users/audreesteinberg/hr/capstone/fec/client/src/Components/RatingsAndReviewsSect/CharacteristicsSummary.jsx","statementMap":{"0":{"start":{"line":5,"column":29},"end":{"line":19,"column":1}},"1":{"start":{"line":6,"column":36},"end":{"line":12,"column":3}},"2":{"start":{"line":7,"column":17},"end":{"line":7,"column":19}},"3":{"start":{"line":8,"column":4},"end":{"line":10,"column":5}},"4":{"start":{"line":9,"column":6},"end":{"line":9,"column":151}},"5":{"start":{"line":11,"column":4},"end":{"line":11,"column":18}},"6":{"start":{"line":14,"column":2},"end":{"line":18,"column":3}}},"fnMap":{"0":{"name":"(anonymous_0)","decl":{"start":{"line":5,"column":29},"end":{"line":5,"column":30}},"loc":{"start":{"line":5,"column":52},"end":{"line":19,"column":1}},"line":5},"1":{"name":"(anonymous_1)","decl":{"start":{"line":6,"column":36},"end":{"line":6,"column":37}},"loc":{"start":{"line":6,"column":57},"end":{"line":12,"column":3}},"line":6}},"branchMap":{},"s":{"0":4,"1":5,"2":5,"3":5,"4":1,"5":5,"6":5},"f":{"0":5,"1":5},"b":{},"_coverageSchema":"1a1c01bbd47fc00a2c39e90264f33305004495a9","hash":"f61e758f0f9e932c49cb9bb53b51079bcc850947"}
,"/Users/audreesteinberg/hr/capstone/fec/client/src/Components/RatingsAndReviewsSect/IndividualStar.jsx": {"path":"/Users/audreesteinberg/hr/capstone/fec/client/src/Components/RatingsAndReviewsSect/IndividualStar.jsx","statementMap":{"0":{"start":{"line":6,"column":4},"end":{"line":6,"column":17}},"1":{"start":{"line":7,"column":4},"end":{"line":7,"column":51}},"2":{"start":{"line":8,"column":4},"end":{"line":8,"column":51}},"3":{"start":{"line":9,"column":4},"end":{"line":9,"column":51}},"4":{"start":{"line":13,"column":4},"end":{"line":13,"column":51}},"5":{"start":{"line":17,"column":4},"end":{"line":17,"column":50}},"6":{"start":{"line":21,"column":4},"end":{"line":21,"column":32}},"7":{"start":{"line":25,"column":4},"end":{"line":32,"column":5}}},"fnMap":{"0":{"name":"(anonymous_0)","decl":{"start":{"line":5,"column":2},"end":{"line":5,"column":3}},"loc":{"start":{"line":5,"column":21},"end":{"line":10,"column":3}},"line":5},"1":{"name":"(anonymous_1)","decl":{"start":{"line":12,"column":2},"end":{"line":12,"column":3}},"loc":{"start":{"line":12,"column":17},"end":{"line":14,"column":3}},"line":12},"2":{"name":"(anonymous_2)","decl":{"start":{"line":16,"column":2},"end":{"line":16,"column":3}},"loc":{"start":{"line":16,"column":17},"end":{"line":18,"column":3}},"line":16},"3":{"name":"(anonymous_3)","decl":{"start":{"line":20,"column":2},"end":{"line":20,"column":3}},"loc":{"start":{"line":20,"column":17},"end":{"line":22,"column":3}},"line":20},"4":{"name":"(anonymous_4)","decl":{"start":{"line":24,"column":2},"end":{"line":24,"column":3}},"loc":{"start":{"line":24,"column":11},"end":{"line":33,"column":3}},"line":24}},"branchMap":{"0":{"loc":{"start":{"line":27,"column":7},"end":{"line":29,"column":147}},"type":"cond-expr","locations":[{"start":{"line":28,"column":10},"end":{"line":28,"column":179}},{"start":{"line":29,"column":10},"end":{"line":29,"column":147}}],"line":27}},"s":{"0":5,"1":5,"2":5,"3":5,"4":0,"5":0,"6":0,"7":5},"f":{"0":5,"1":0,"2":0,"3":0,"4":5},"b":{"0":[0,5]},"_coverageSchema":"1a1c01bbd47fc00a2c39e90264f33305004495a9","hash":"9b629e4db9fab0b0a7d230f63ba030435740b46a"}
,"/Users/audreesteinberg/hr/capstone/fec/client/src/Components/RatingsAndReviewsSect/List.jsx": {"path":"/Users/audreesteinberg/hr/capstone/fec/client/src/Components/RatingsAndReviewsSect/List.jsx","statementMap":{"0":{"start":{"line":4,"column":11},"end":{"line":10,"column":1}},"1":{"start":{"line":5,"column":2},"end":{"line":9,"column":4}},"2":{"start":{"line":7,"column":6},"end":{"line":7,"column":71}}},"fnMap":{"0":{"name":"(anonymous_0)","decl":{"start":{"line":4,"column":11},"end":{"line":4,"column":12}},"loc":{"start":{"line":4,"column":29},"end":{"line":10,"column":1}},"line":4},"1":{"name":"(anonymous_1)","decl":{"start":{"line":6,"column":19},"end":{"line":6,"column":20}},"loc":{"start":{"line":6,"column":29},"end":{"line":8,"column":5}},"line":6}},"branchMap":{},"s":{"0":3,"1":4,"2":0},"f":{"0":4,"1":0},"b":{},"_coverageSchema":"1a1c01bbd47fc00a2c39e90264f33305004495a9","hash":"54e86127ec4e967c5e7e520a192aaab44b8e90bb"}
,"/Users/audreesteinberg/hr/capstone/fec/client/src/Components/RatingsAndReviewsSect/Modal.jsx": {"path":"/Users/audreesteinberg/hr/capstone/fec/client/src/Components/RatingsAndReviewsSect/Modal.jsx","statementMap":{"0":{"start":{"line":4,"column":14},"end":{"line":15,"column":1}},"1":{"start":{"line":5,"column":2},"end":{"line":14,"column":4}},"2":{"start":{"line":9,"column":83},"end":{"line":9,"column":102}}},"fnMap":{"0":{"name":"(anonymous_0)","decl":{"start":{"line":4,"column":14},"end":{"line":4,"column":15}},"loc":{"start":{"line":4,"column":25},"end":{"line":15,"column":1}},"line":4},"1":{"name":"(anonymous_1)","decl":{"start":{"line":9,"column":78},"end":{"line":9,"column":79}},"loc":{"start":{"line":9,"column":83},"end":{"line":9,"column":102}},"line":9}},"branchMap":{"0":{"loc":{"start":{"line":6,"column":4},"end":{"line":13,"column":14}},"type":"cond-expr","locations":[{"start":{"line":7,"column":8},"end":{"line":7,"column":12}},{"start":{"line":8,"column":8},"end":{"line":13,"column":14}}],"line":6}},"s":{"0":3,"1":4,"2":0},"f":{"0":4,"1":0},"b":{"0":[3,1]},"_coverageSchema":"1a1c01bbd47fc00a2c39e90264f33305004495a9","hash":"a1ba357bb65cab582388f3e3bc55fa064149e7f2"}
,"/Users/audreesteinberg/hr/capstone/fec/client/src/Components/RatingsAndReviewsSect/MoreReviewsButton.jsx": {"path":"/Users/audreesteinberg/hr/capstone/fec/client/src/Components/RatingsAndReviewsSect/MoreReviewsButton.jsx","statementMap":{"0":{"start":{"line":4,"column":24},"end":{"line":8,"column":1}},"1":{"start":{"line":5,"column":2},"end":{"line":7,"column":3}}},"fnMap":{"0":{"name":"(anonymous_0)","decl":{"start":{"line":4,"column":24},"end":{"line":4,"column":25}},"loc":{"start":{"line":4,"column":35},"end":{"line":8,"column":1}},"line":4}},"branchMap":{},"s":{"0":3,"1":4},"f":{"0":4},"b":{},"_coverageSchema":"1a1c01bbd47fc00a2c39e90264f33305004495a9","hash":"02d1e2059fd47cd6bcc69efa5a5b920c734bba5d"}
,"/Users/audreesteinberg/hr/capstone/fec/client/src/Components/RatingsAndReviewsSect/NewStarRating.jsx": {"path":"/Users/audreesteinberg/hr/capstone/fec/client/src/Components/RatingsAndReviewsSect/NewStarRating.jsx","statementMap":{"0":{"start":{"line":7,"column":4},"end":{"line":7,"column":17}},"1":{"start":{"line":8,"column":4},"end":{"line":11,"column":5}},"2":{"start":{"line":12,"column":4},"end":{"line":12,"column":59}},"3":{"start":{"line":13,"column":4},"end":{"line":13,"column":59}},"4":{"start":{"line":14,"column":4},"end":{"line":14,"column":59}},"5":{"start":{"line":18,"column":4},"end":{"line":20,"column":45}},"6":{"start":{"line":24,"column":4},"end":{"line":26,"column":6}},"7":{"start":{"line":30,"column":4},"end":{"line":34,"column":5}},"8":{"start":{"line":31,"column":6},"end":{"line":33,"column":8}},"9":{"start":{"line":38,"column":16},"end":{"line":38,"column":18}},"10":{"start":{"line":39,"column":21},"end":{"line":39,"column":42}},"11":{"start":{"line":40,"column":18},"end":{"line":40,"column":23}},"12":{"start":{"line":41,"column":4},"end":{"line":52,"column":5}},"13":{"start":{"line":41,"column":17},"end":{"line":41,"column":18}},"14":{"start":{"line":42,"column":6},"end":{"line":44,"column":7}},"15":{"start":{"line":43,"column":8},"end":{"line":43,"column":23}},"16":{"start":{"line":45,"column":6},"end":{"line":51,"column":49}},"17":{"start":{"line":53,"column":4},"end":{"line":53,"column":17}},"18":{"start":{"line":57,"column":4},"end":{"line":61,"column":5}}},"fnMap":{"0":{"name":"(anonymous_0)","decl":{"start":{"line":6,"column":2},"end":{"line":6,"column":3}},"loc":{"start":{"line":6,"column":21},"end":{"line":15,"column":3}},"line":6},"1":{"name":"(anonymous_1)","decl":{"start":{"line":17,"column":2},"end":{"line":17,"column":3}},"loc":{"start":{"line":17,"column":26},"end":{"line":21,"column":3}},"line":17},"2":{"name":"(anonymous_2)","decl":{"start":{"line":23,"column":2},"end":{"line":23,"column":3}},"loc":{"start":{"line":23,"column":25},"end":{"line":27,"column":3}},"line":23},"3":{"name":"(anonymous_3)","decl":{"start":{"line":29,"column":2},"end":{"line":29,"column":3}},"loc":{"start":{"line":29,"column":20},"end":{"line":35,"column":3}},"line":29},"4":{"name":"(anonymous_4)","decl":{"start":{"line":37,"column":2},"end":{"line":37,"column":3}},"loc":{"start":{"line":37,"column":16},"end":{"line":54,"column":3}},"line":37},"5":{"name":"(anonymous_5)","decl":{"start":{"line":56,"column":2},"end":{"line":56,"column":3}},"loc":{"start":{"line":56,"column":11},"end":{"line":62,"column":3}},"line":56}},"branchMap":{"0":{"loc":{"start":{"line":30,"column":4},"end":{"line":34,"column":5}},"type":"if","locations":[{"start":{"line":30,"column":4},"end":{"line":34,"column":5}},{"start":{"line":30,"column":4},"end":{"line":34,"column":5}}],"line":30},"1":{"loc":{"start":{"line":42,"column":6},"end":{"line":44,"column":7}},"type":"if","locations":[{"start":{"line":42,"column":6},"end":{"line":44,"column":7}},{"start":{"line":42,"column":6},"end":{"line":44,"column":7}}],"line":42}},"s":{"0":1,"1":1,"2":1,"3":1,"4":1,"5":0,"6":0,"7":0,"8":0,"9":1,"10":1,"11":1,"12":1,"13":1,"14":5,"15":0,"16":5,"17":1,"18":1},"f":{"0":1,"1":0,"2":0,"3":0,"4":1,"5":1},"b":{"0":[0,0],"1":[0,5]},"_coverageSchema":"1a1c01bbd47fc00a2c39e90264f33305004495a9","hash":"b9a432e94e35a5fd4244283ee360ae9f5d517f5f"}
,"/Users/audreesteinberg/hr/capstone/fec/client/src/Components/RatingsAndReviewsSect/RatingBreakdown.jsx": {"path":"/Users/audreesteinberg/hr/capstone/fec/client/src/Components/RatingsAndReviewsSect/RatingBreakdown.jsx","statementMap":{"0":{"start":{"line":5,"column":22},"end":{"line":19,"column":1}},"1":{"start":{"line":6,"column":27},"end":{"line":12,"column":3}},"2":{"start":{"line":7,"column":17},"end":{"line":7,"column":19}},"3":{"start":{"line":8,"column":4},"end":{"line":10,"column":5}},"4":{"start":{"line":9,"column":6},"end":{"line":9,"column":133}},"5":{"start":{"line":11,"column":4},"end":{"line":11,"column":18}},"6":{"start":{"line":14,"column":2},"end":{"line":18,"column":3}}},"fnMap":{"0":{"name":"(anonymous_0)","decl":{"start":{"line":5,"column":22},"end":{"line":5,"column":23}},"loc":{"start":{"line":5,"column":51},"end":{"line":19,"column":1}},"line":5},"1":{"name":"(anonymous_1)","decl":{"start":{"line":6,"column":27},"end":{"line":6,"column":28}},"loc":{"start":{"line":6,"column":40},"end":{"line":12,"column":3}},"line":6}},"branchMap":{},"s":{"0":4,"1":5,"2":5,"3":5,"4":0,"5":5,"6":5},"f":{"0":5,"1":5},"b":{},"_coverageSchema":"1a1c01bbd47fc00a2c39e90264f33305004495a9","hash":"2159263936aafbad4437a904aff3fd80c2d966cd"}
,"/Users/audreesteinberg/hr/capstone/fec/client/src/Components/RatingsAndReviewsSect/RatingGraph.jsx": {"path":"/Users/audreesteinberg/hr/capstone/fec/client/src/Components/RatingsAndReviewsSect/RatingGraph.jsx","statementMap":{"0":{"start":{"line":4,"column":18},"end":{"line":16,"column":1}},"1":{"start":{"line":5,"column":19},"end":{"line":5,"column":55}},"2":{"start":{"line":7,"column":2},"end":{"line":15,"column":3}}},"fnMap":{"0":{"name":"(anonymous_0)","decl":{"start":{"line":4,"column":18},"end":{"line":4,"column":19}},"loc":{"start":{"line":4,"column":63},"end":{"line":16,"column":1}},"line":4}},"branchMap":{},"s":{"0":5,"1":1,"2":1},"f":{"0":1},"b":{},"_coverageSchema":"1a1c01bbd47fc00a2c39e90264f33305004495a9","hash":"288d4bfb728ac90340b2ed1340c089918c68ea8c"}
,"/Users/audreesteinberg/hr/capstone/fec/client/src/Components/RatingsAndReviewsSect/RatingsAndReviewsSect.jsx": {"path":"/Users/audreesteinberg/hr/capstone/fec/client/src/Components/RatingsAndReviewsSect/RatingsAndReviewsSect.jsx","statementMap":{"0":{"start":{"line":20,"column":4},"end":{"line":20,"column":17}},"1":{"start":{"line":21,"column":4},"end":{"line":32,"column":6}},"2":{"start":{"line":34,"column":4},"end":{"line":34,"column":49}},"3":{"start":{"line":35,"column":4},"end":{"line":35,"column":73}},"4":{"start":{"line":36,"column":4},"end":{"line":36,"column":55}},"5":{"start":{"line":37,"column":4},"end":{"line":37,"column":47}},"6":{"start":{"line":38,"column":4},"end":{"line":38,"column":47}},"7":{"start":{"line":42,"column":4},"end":{"line":55,"column":7}},"8":{"start":{"line":48,"column":6},"end":{"line":51,"column":8}},"9":{"start":{"line":54,"column":6},"end":{"line":54,"column":26}},"10":{"start":{"line":59,"column":4},"end":{"line":73,"column":7}},"11":{"start":{"line":65,"column":6},"end":{"line":69,"column":37}},"12":{"start":{"line":72,"column":6},"end":{"line":72,"column":26}},"13":{"start":{"line":78,"column":16},"end":{"line":78,"column":17}},"14":{"start":{"line":79,"column":14},"end":{"line":79,"column":15}},"15":{"start":{"line":81,"column":4},"end":{"line":83,"column":5}},"16":{"start":{"line":82,"column":6},"end":{"line":82,"column":41}},"17":{"start":{"line":85,"column":4},"end":{"line":89,"column":5}},"18":{"start":{"line":86,"column":6},"end":{"line":86,"column":64}},"19":{"start":{"line":87,"column":6},"end":{"line":87,"column":38}},"20":{"start":{"line":88,"column":6},"end":{"line":88,"column":52}},"21":{"start":{"line":91,"column":4},"end":{"line":91,"column":40}},"22":{"start":{"line":92,"column":4},"end":{"line":92,"column":41}},"23":{"start":{"line":93,"column":4},"end":{"line":93,"column":39}},"24":{"start":{"line":94,"column":4},"end":{"line":94,"column":37}},"25":{"start":{"line":95,"column":4},"end":{"line":95,"column":15}},"26":{"start":{"line":99,"column":14},"end":{"line":99,"column":49}},"27":{"start":{"line":100,"column":13},"end":{"line":100,"column":49}},"28":{"start":{"line":102,"column":24},"end":{"line":102,"column":48}},"29":{"start":{"line":103,"column":4},"end":{"line":103,"column":57}},"30":{"start":{"line":104,"column":4},"end":{"line":104,"column":51}},"31":{"start":{"line":105,"column":4},"end":{"line":105,"column":25}},"32":{"start":{"line":109,"column":4},"end":{"line":109,"column":34}},"33":{"start":{"line":110,"column":4},"end":{"line":110,"column":42}},"34":{"start":{"line":114,"column":4},"end":{"line":114,"column":55}},"35":{"start":{"line":115,"column":4},"end":{"line":126,"column":6}},"36":{"start":{"line":121,"column":6},"end":{"line":121,"column":33}},"37":{"start":{"line":122,"column":6},"end":{"line":122,"column":23}},"38":{"start":{"line":125,"column":6},"end":{"line":125,"column":26}},"39":{"start":{"line":129,"column":14},"end":{"line":131,"column":3}},"40":{"start":{"line":130,"column":4},"end":{"line":130,"column":54}},"41":{"start":{"line":134,"column":4},"end":{"line":134,"column":54}},"42":{"start":{"line":138,"column":4},"end":{"line":138,"column":49}},"43":{"start":{"line":139,"column":4},"end":{"line":139,"column":50}},"44":{"start":{"line":143,"column":4},"end":{"line":146,"column":5}},"45":{"start":{"line":144,"column":6},"end":{"line":144,"column":37}},"46":{"start":{"line":145,"column":6},"end":{"line":145,"column":38}},"47":{"start":{"line":150,"column":4},"end":{"line":173,"column":5}}},"fnMap":{"0":{"name":"(anonymous_0)","decl":{"start":{"line":19,"column":2},"end":{"line":19,"column":3}},"loc":{"start":{"line":19,"column":21},"end":{"line":39,"column":3}},"line":19},"1":{"name":"(anonymous_1)","decl":{"start":{"line":41,"column":2},"end":{"line":41,"column":3}},"loc":{"start":{"line":41,"column":17},"end":{"line":56,"column":3}},"line":41},"2":{"name":"(anonymous_2)","decl":{"start":{"line":47,"column":10},"end":{"line":47,"column":11}},"loc":{"start":{"line":47,"column":24},"end":{"line":52,"column":5}},"line":47},"3":{"name":"(anonymous_3)","decl":{"start":{"line":53,"column":11},"end":{"line":53,"column":12}},"loc":{"start":{"line":53,"column":20},"end":{"line":55,"column":5}},"line":53},"4":{"name":"(anonymous_4)","decl":{"start":{"line":58,"column":2},"end":{"line":58,"column":3}},"loc":{"start":{"line":58,"column":18},"end":{"line":74,"column":3}},"line":58},"5":{"name":"(anonymous_5)","decl":{"start":{"line":64,"column":10},"end":{"line":64,"column":11}},"loc":{"start":{"line":64,"column":24},"end":{"line":70,"column":5}},"line":64},"6":{"name":"(anonymous_6)","decl":{"start":{"line":71,"column":11},"end":{"line":71,"column":12}},"loc":{"start":{"line":71,"column":20},"end":{"line":73,"column":5}},"line":71},"7":{"name":"(anonymous_7)","decl":{"start":{"line":77,"column":2},"end":{"line":77,"column":3}},"loc":{"start":{"line":77,"column":27},"end":{"line":96,"column":3}},"line":77},"8":{"name":"(anonymous_8)","decl":{"start":{"line":98,"column":2},"end":{"line":98,"column":3}},"loc":{"start":{"line":98,"column":35},"end":{"line":106,"column":3}},"line":98},"9":{"name":"(anonymous_9)","decl":{"start":{"line":108,"column":2},"end":{"line":108,"column":3}},"loc":{"start":{"line":108,"column":27},"end":{"line":111,"column":3}},"line":108},"10":{"name":"(anonymous_10)","decl":{"start":{"line":113,"column":2},"end":{"line":113,"column":3}},"loc":{"start":{"line":113,"column":28},"end":{"line":127,"column":3}},"line":113},"11":{"name":"(anonymous_11)","decl":{"start":{"line":120,"column":10},"end":{"line":120,"column":11}},"loc":{"start":{"line":120,"column":22},"end":{"line":123,"column":5}},"line":120},"12":{"name":"(anonymous_12)","decl":{"start":{"line":124,"column":11},"end":{"line":124,"column":12}},"loc":{"start":{"line":124,"column":20},"end":{"line":126,"column":5}},"line":124},"13":{"name":"(anonymous_13)","decl":{"start":{"line":129,"column":14},"end":{"line":129,"column":15}},"loc":{"start":{"line":129,"column":20},"end":{"line":131,"column":3}},"line":129},"14":{"name":"(anonymous_14)","decl":{"start":{"line":133,"column":2},"end":{"line":133,"column":3}},"loc":{"start":{"line":133,"column":14},"end":{"line":135,"column":3}},"line":133},"15":{"name":"(anonymous_15)","decl":{"start":{"line":137,"column":2},"end":{"line":137,"column":3}},"loc":{"start":{"line":137,"column":22},"end":{"line":140,"column":3}},"line":137},"16":{"name":"(anonymous_16)","decl":{"start":{"line":142,"column":2},"end":{"line":142,"column":3}},"loc":{"start":{"line":142,"column":43},"end":{"line":147,"column":3}},"line":142},"17":{"name":"(anonymous_17)","decl":{"start":{"line":149,"column":2},"end":{"line":149,"column":3}},"loc":{"start":{"line":149,"column":11},"end":{"line":174,"column":3}},"line":149}},"branchMap":{"0":{"loc":{"start":{"line":81,"column":4},"end":{"line":83,"column":5}},"type":"if","locations":[{"start":{"line":81,"column":4},"end":{"line":83,"column":5}},{"start":{"line":81,"column":4},"end":{"line":83,"column":5}}],"line":81},"1":{"loc":{"start":{"line":143,"column":4},"end":{"line":146,"column":5}},"type":"if","locations":[{"start":{"line":143,"column":4},"end":{"line":146,"column":5}},{"start":{"line":143,"column":4},"end":{"line":146,"column":5}}],"line":143}},"s":{"0":4,"1":4,"2":4,"3":4,"4":4,"5":4,"6":4,"7":5,"8":0,"9":0,"10":5,"11":0,"12":0,"13":0,"14":0,"15":0,"16":0,"17":0,"18":0,"19":0,"20":0,"21":0,"22":0,"23":0,"24":0,"25":0,"26":0,"27":0,"28":0,"29":0,"30":0,"31":0,"32":0,"33":0,"34":0,"35":0,"36":0,"37":0,"38":0,"39":4,"40":2,"41":0,"42":4,"43":4,"44":3,"45":1,"46":1,"47":7},"f":{"0":4,"1":5,"2":0,"3":0,"4":5,"5":0,"6":0,"7":0,"8":0,"9":0,"10":0,"11":0,"12":0,"13":2,"14":0,"15":4,"16":3,"17":7},"b":{"0":[0,0],"1":[1,2]},"_coverageSchema":"1a1c01bbd47fc00a2c39e90264f33305004495a9","hash":"19f22f98d017c9271351cc5b6e2e9228aae2702e"}
,"/Users/audreesteinberg/hr/capstone/fec/client/src/Components/RatingsAndReviewsSect/ReviewCount.jsx": {"path":"/Users/audreesteinberg/hr/capstone/fec/client/src/Components/RatingsAndReviewsSect/ReviewCount.jsx","statementMap":{"0":{"start":{"line":4,"column":18},"end":{"line":11,"column":1}},"1":{"start":{"line":5,"column":2},"end":{"line":10,"column":3}}},"fnMap":{"0":{"name":"(anonymous_0)","decl":{"start":{"line":4,"column":18},"end":{"line":4,"column":19}},"loc":{"start":{"line":4,"column":29},"end":{"line":11,"column":1}},"line":4}},"branchMap":{},"s":{"0":4,"1":5},"f":{"0":5},"b":{},"_coverageSchema":"1a1c01bbd47fc00a2c39e90264f33305004495a9","hash":"ed32e8b544372d1a42c8c550aaec58d3d197f36b"}
,"/Users/audreesteinberg/hr/capstone/fec/client/src/Components/RatingsAndReviewsSect/ReviewListEntry.jsx": {"path":"/Users/audreesteinberg/hr/capstone/fec/client/src/Components/RatingsAndReviewsSect/ReviewListEntry.jsx","statementMap":{"0":{"start":{"line":5,"column":22},"end":{"line":46,"column":1}},"1":{"start":{"line":7,"column":19},"end":{"line":27,"column":3}},"2":{"start":{"line":8,"column":15},"end":{"line":8,"column":32}},"3":{"start":{"line":9,"column":19},"end":{"line":22,"column":7}},"4":{"start":{"line":24,"column":18},"end":{"line":24,"column":50}},"5":{"start":{"line":25,"column":6},"end":{"line":25,"column":73}},"6":{"start":{"line":26,"column":6},"end":{"line":26,"column":18}},"7":{"start":{"line":29,"column":2},"end":{"line":45,"column":3}}},"fnMap":{"0":{"name":"(anonymous_0)","decl":{"start":{"line":5,"column":22},"end":{"line":5,"column":23}},"loc":{"start":{"line":5,"column":36},"end":{"line":46,"column":1}},"line":5},"1":{"name":"(anonymous_1)","decl":{"start":{"line":7,"column":19},"end":{"line":7,"column":20}},"loc":{"start":{"line":7,"column":32},"end":{"line":27,"column":3}},"line":7}},"branchMap":{},"s":{"0":4,"1":1,"2":1,"3":1,"4":1,"5":1,"6":1,"7":1},"f":{"0":1,"1":1},"b":{},"_coverageSchema":"1a1c01bbd47fc00a2c39e90264f33305004495a9","hash":"fcd26be9c71268d8854b6a43e57fc87d47a53259"}
,"/Users/audreesteinberg/hr/capstone/fec/client/src/Components/RatingsAndReviewsSect/Stars.jsx": {"path":"/Users/audreesteinberg/hr/capstone/fec/client/src/Components/RatingsAndReviewsSect/Stars.jsx","statementMap":{"0":{"start":{"line":4,"column":12},"end":{"line":36,"column":1}},"1":{"start":{"line":7,"column":2},"end":{"line":7,"column":70}},"2":{"start":{"line":9,"column":26},"end":{"line":29,"column":3}},"3":{"start":{"line":10,"column":16},"end":{"line":10,"column":18}},"4":{"start":{"line":11,"column":16},"end":{"line":11,"column":22}},"5":{"start":{"line":12,"column":20},"end":{"line":12,"column":33}},"6":{"start":{"line":14,"column":4},"end":{"line":23,"column":5}},"7":{"start":{"line":15,"column":6},"end":{"line":21,"column":7}},"8":{"start":{"line":16,"column":8},"end":{"line":18,"column":9}},"9":{"start":{"line":17,"column":10},"end":{"line":17,"column":76}},"10":{"start":{"line":20,"column":8},"end":{"line":20,"column":66}},"11":{"start":{"line":22,"column":6},"end":{"line":22,"column":14}},"12":{"start":{"line":25,"column":4},"end":{"line":27,"column":5}},"13":{"start":{"line":25,"column":17},"end":{"line":25,"column":29}},"14":{"start":{"line":26,"column":6},"end":{"line":26,"column":51}},"15":{"start":{"line":28,"column":4},"end":{"line":28,"column":17}},"16":{"start":{"line":31,"column":2},"end":{"line":35,"column":3}}},"fnMap":{"0":{"name":"(anonymous_0)","decl":{"start":{"line":4,"column":12},"end":{"line":4,"column":13}},"loc":{"start":{"line":4,"column":23},"end":{"line":36,"column":1}},"line":4},"1":{"name":"(anonymous_1)","decl":{"start":{"line":9,"column":26},"end":{"line":9,"column":27}},"loc":{"start":{"line":9,"column":38},"end":{"line":29,"column":3}},"line":9}},"branchMap":{"0":{"loc":{"start":{"line":7,"column":2},"end":{"line":7,"column":69}},"type":"cond-expr","locations":[{"start":{"line":7,"column":17},"end":{"line":7,"column":38}},{"start":{"line":7,"column":41},"end":{"line":7,"column":69}}],"line":7},"1":{"loc":{"start":{"line":15,"column":6},"end":{"line":21,"column":7}},"type":"if","locations":[{"start":{"line":15,"column":6},"end":{"line":21,"column":7}},{"start":{"line":15,"column":6},"end":{"line":21,"column":7}}],"line":15},"2":{"loc":{"start":{"line":16,"column":8},"end":{"line":18,"column":9}},"type":"if","locations":[{"start":{"line":16,"column":8},"end":{"line":18,"column":9}},{"start":{"line":16,"column":8},"end":{"line":18,"column":9}}],"line":16}},"s":{"0":6,"1":6,"2":6,"3":6,"4":6,"5":6,"6":6,"7":9,"8":1,"9":1,"10":8,"11":9,"12":6,"13":6,"14":21,"15":6,"16":6},"f":{"0":6,"1":6},"b":{"0":[1,5],"1":[1,8],"2":[1,0]},"_coverageSchema":"1a1c01bbd47fc00a2c39e90264f33305004495a9","hash":"c654fb87eed4cb7851f915fab5181ac821882fa1"}
,"/Users/audreesteinberg/hr/capstone/fec/client/src/Components/RatingsAndReviewsSect/WriteYourReview.jsx": {"path":"/Users/audreesteinberg/hr/capstone/fec/client/src/Components/RatingsAndReviewsSect/WriteYourReview.jsx","statementMap":{"0":{"start":{"line":8,"column":4},"end":{"line":8,"column":17}},"1":{"start":{"line":9,"column":4},"end":{"line":17,"column":5}},"2":{"start":{"line":18,"column":4},"end":{"line":18,"column":71}},"3":{"start":{"line":19,"column":4},"end":{"line":19,"column":65}},"4":{"start":{"line":20,"column":4},"end":{"line":20,"column":69}},"5":{"start":{"line":21,"column":4},"end":{"line":21,"column":61}},"6":{"start":{"line":22,"column":4},"end":{"line":22,"column":53}},"7":{"start":{"line":26,"column":4},"end":{"line":26,"column":38}},"8":{"start":{"line":30,"column":4},"end":{"line":30,"column":46}},"9":{"start":{"line":34,"column":4},"end":{"line":34,"column":52}},"10":{"start":{"line":38,"column":4},"end":{"line":38,"column":96}},"11":{"start":{"line":42,"column":24},"end":{"line":42,"column":55}},"12":{"start":{"line":43,"column":26},"end":{"line":43,"column":79}},"13":{"start":{"line":44,"column":21},"end":{"line":52,"column":5}},"14":{"start":{"line":53,"column":4},"end":{"line":53,"column":41}},"15":{"start":{"line":57,"column":4},"end":{"line":123,"column":5}}},"fnMap":{"0":{"name":"(anonymous_0)","decl":{"start":{"line":7,"column":2},"end":{"line":7,"column":3}},"loc":{"start":{"line":7,"column":21},"end":{"line":23,"column":3}},"line":7},"1":{"name":"(anonymous_1)","decl":{"start":{"line":25,"column":2},"end":{"line":25,"column":3}},"loc":{"start":{"line":25,"column":32},"end":{"line":27,"column":3}},"line":25},"2":{"name":"(anonymous_2)","decl":{"start":{"line":29,"column":2},"end":{"line":29,"column":3}},"loc":{"start":{"line":29,"column":27},"end":{"line":31,"column":3}},"line":29},"3":{"name":"(anonymous_3)","decl":{"start":{"line":33,"column":2},"end":{"line":33,"column":3}},"loc":{"start":{"line":33,"column":22},"end":{"line":35,"column":3}},"line":33},"4":{"name":"(anonymous_4)","decl":{"start":{"line":37,"column":2},"end":{"line":37,"column":3}},"loc":{"start":{"line":37,"column":39},"end":{"line":39,"column":3}},"line":37},"5":{"name":"(anonymous_5)","decl":{"start":{"line":41,"column":2},"end":{"line":41,"column":3}},"loc":{"start":{"line":41,"column":18},"end":{"line":54,"column":3}},"line":41},"6":{"name":"(anonymous_6)","decl":{"start":{"line":56,"column":2},"end":{"line":56,"column":3}},"loc":{"start":{"line":56,"column":11},"end":{"line":124,"column":3}},"line":56}},"branchMap":{},"s":{"0":2,"1":2,"2":2,"3":2,"4":2,"5":2,"6":2,"7":0,"8":0,"9":0,"10":0,"11":0,"12":0,"13":0,"14":0,"15":2},"f":{"0":2,"1":0,"2":0,"3":0,"4":0,"5":0,"6":2},"b":{},"_coverageSchema":"1a1c01bbd47fc00a2c39e90264f33305004495a9","hash":"c3e40d9e1f318786f56d4156f840658737b2689d"}
,"/Users/audreesteinberg/hr/capstone/fec/client/src/Components/RatingsAndReviewsSect/dummyData/dummyReviewListData.js": {"path":"/Users/audreesteinberg/hr/capstone/fec/client/src/Components/RatingsAndReviewsSect/dummyData/dummyReviewListData.js","statementMap":{"0":{"start":{"line":3,"column":26},"end":{"line":47,"column":1}}},"fnMap":{},"branchMap":{},"s":{"0":3},"f":{},"b":{},"_coverageSchema":"1a1c01bbd47fc00a2c39e90264f33305004495a9","hash":"6b076d10a96f708d00d61938ab79415973f270f0"}
,"/Users/audreesteinberg/hr/capstone/fec/client/src/Components/RelatedProductsSect/RelatedProductsEntry.jsx": {"path":"/Users/audreesteinberg/hr/capstone/fec/client/src/Components/RelatedProductsSect/RelatedProductsEntry.jsx","statementMap":{"0":{"start":{"line":8,"column":4},"end":{"line":8,"column":17}},"1":{"start":{"line":9,"column":4},"end":{"line":17,"column":6}},"2":{"start":{"line":18,"column":4},"end":{"line":18,"column":53}},"3":{"start":{"line":19,"column":4},"end":{"line":19,"column":51}},"4":{"start":{"line":20,"column":4},"end":{"line":20,"column":36}},"5":{"start":{"line":24,"column":4},"end":{"line":24,"column":22}},"6":{"start":{"line":28,"column":4},"end":{"line":28,"column":34}},"7":{"start":{"line":32,"column":4},"end":{"line":32,"column":23}},"8":{"start":{"line":33,"column":4},"end":{"line":33,"column":42}},"9":{"start":{"line":38,"column":23},"end":{"line":38,"column":94}},"10":{"start":{"line":38,"column":63},"end":{"line":38,"column":93}},"11":{"start":{"line":40,"column":4},"end":{"line":106,"column":5}},"12":{"start":{"line":41,"column":6},"end":{"line":48,"column":8}},"13":{"start":{"line":49,"column":6},"end":{"line":49,"column":34}},"14":{"start":{"line":52,"column":6},"end":{"line":65,"column":10}},"15":{"start":{"line":53,"column":21},"end":{"line":56,"column":13}},"16":{"start":{"line":57,"column":11},"end":{"line":57,"column":40}},"17":{"start":{"line":58,"column":11},"end":{"line":61,"column":12}},"18":{"start":{"line":59,"column":12},"end":{"line":59,"column":44}},"19":{"start":{"line":60,"column":12},"end":{"line":60,"column":45}},"20":{"start":{"line":62,"column":11},"end":{"line":64,"column":12}},"21":{"start":{"line":67,"column":8},"end":{"line":83,"column":9}},"22":{"start":{"line":69,"column":12},"end":{"line":73,"column":14}},"23":{"start":{"line":74,"column":12},"end":{"line":74,"column":41}},"24":{"start":{"line":75,"column":12},"end":{"line":78,"column":13}},"25":{"start":{"line":76,"column":13},"end":{"line":76,"column":45}},"26":{"start":{"line":77,"column":13},"end":{"line":77,"column":46}},"27":{"start":{"line":79,"column":12},"end":{"line":81,"column":13}},"28":{"start":{"line":86,"column":8},"end":{"line":105,"column":12}},"29":{"start":{"line":88,"column":29},"end":{"line":88,"column":52}},"30":{"start":{"line":89,"column":12},"end":{"line":99,"column":13}},"31":{"start":{"line":90,"column":14},"end":{"line":90,"column":54}},"32":{"start":{"line":93,"column":27},"end":{"line":93,"column":28}},"33":{"start":{"line":94,"column":14},"end":{"line":96,"column":15}},"34":{"start":{"line":94,"column":26},"end":{"line":94,"column":27}},"35":{"start":{"line":95,"column":16},"end":{"line":95,"column":52}},"36":{"start":{"line":97,"column":14},"end":{"line":97,"column":40}},"37":{"start":{"line":98,"column":14},"end":{"line":98,"column":50}},"38":{"start":{"line":100,"column":12},"end":{"line":100,"column":41}},"39":{"start":{"line":101,"column":12},"end":{"line":104,"column":13}},"40":{"start":{"line":102,"column":14},"end":{"line":102,"column":46}},"41":{"start":{"line":103,"column":13},"end":{"line":103,"column":46}},"42":{"start":{"line":117,"column":4},"end":{"line":127,"column":5}}},"fnMap":{"0":{"name":"(anonymous_0)","decl":{"start":{"line":7,"column":2},"end":{"line":7,"column":3}},"loc":{"start":{"line":7,"column":21},"end":{"line":21,"column":3}},"line":7},"1":{"name":"(anonymous_1)","decl":{"start":{"line":23,"column":2},"end":{"line":23,"column":3}},"loc":{"start":{"line":23,"column":10},"end":{"line":25,"column":3}},"line":23},"2":{"name":"(anonymous_2)","decl":{"start":{"line":27,"column":2},"end":{"line":27,"column":3}},"loc":{"start":{"line":27,"column":18},"end":{"line":29,"column":3}},"line":27},"3":{"name":"(anonymous_3)","decl":{"start":{"line":31,"column":2},"end":{"line":31,"column":3}},"loc":{"start":{"line":31,"column":17},"end":{"line":34,"column":3}},"line":31},"4":{"name":"(anonymous_4)","decl":{"start":{"line":36,"column":2},"end":{"line":36,"column":3}},"loc":{"start":{"line":36,"column":22},"end":{"line":110,"column":3}},"line":36},"5":{"name":"(anonymous_5)","decl":{"start":{"line":38,"column":52},"end":{"line":38,"column":53}},"loc":{"start":{"line":38,"column":63},"end":{"line":38,"column":93}},"line":38},"6":{"name":"(anonymous_6)","decl":{"start":{"line":53,"column":14},"end":{"line":53,"column":15}},"loc":{"start":{"line":53,"column":20},"end":{"line":65,"column":9}},"line":53},"7":{"name":"(anonymous_7)","decl":{"start":{"line":68,"column":16},"end":{"line":68,"column":17}},"loc":{"start":{"line":68,"column":23},"end":{"line":82,"column":11}},"line":68},"8":{"name":"(anonymous_8)","decl":{"start":{"line":87,"column":16},"end":{"line":87,"column":17}},"loc":{"start":{"line":87,"column":23},"end":{"line":105,"column":11}},"line":87},"9":{"name":"(anonymous_9)","decl":{"start":{"line":114,"column":2},"end":{"line":114,"column":3}},"loc":{"start":{"line":114,"column":11},"end":{"line":128,"column":3}},"line":114}},"branchMap":{"0":{"loc":{"start":{"line":40,"column":4},"end":{"line":106,"column":5}},"type":"if","locations":[{"start":{"line":40,"column":4},"end":{"line":106,"column":5}},{"start":{"line":40,"column":4},"end":{"line":106,"column":5}}],"line":40},"1":{"loc":{"start":{"line":58,"column":11},"end":{"line":61,"column":12}},"type":"if","locations":[{"start":{"line":58,"column":11},"end":{"line":61,"column":12}},{"start":{"line":58,"column":11},"end":{"line":61,"column":12}}],"line":58},"2":{"loc":{"start":{"line":62,"column":11},"end":{"line":64,"column":12}},"type":"if","locations":[{"start":{"line":62,"column":11},"end":{"line":64,"column":12}},{"start":{"line":62,"column":11},"end":{"line":64,"column":12}}],"line":62},"3":{"loc":{"start":{"line":75,"column":12},"end":{"line":78,"column":13}},"type":"if","locations":[{"start":{"line":75,"column":12},"end":{"line":78,"column":13}},{"start":{"line":75,"column":12},"end":{"line":78,"column":13}}],"line":75},"4":{"loc":{"start":{"line":79,"column":12},"end":{"line":81,"column":13}},"type":"if","locations":[{"start":{"line":79,"column":12},"end":{"line":81,"column":13}},{"start":{"line":79,"column":12},"end":{"line":81,"column":13}}],"line":79},"5":{"loc":{"start":{"line":89,"column":12},"end":{"line":99,"column":13}},"type":"if","locations":[{"start":{"line":89,"column":12},"end":{"line":99,"column":13}},{"start":{"line":89,"column":12},"end":{"line":99,"column":13}}],"line":89},"6":{"loc":{"start":{"line":101,"column":12},"end":{"line":104,"column":13}},"type":"if","locations":[{"start":{"line":101,"column":12},"end":{"line":104,"column":13}},{"start":{"line":101,"column":12},"end":{"line":104,"column":13}}],"line":101}},"s":{"0":0,"1":0,"2":0,"3":0,"4":0,"5":0,"6":0,"7":0,"8":0,"9":0,"10":0,"11":0,"12":0,"13":0,"14":0,"15":0,"16":0,"17":0,"18":0,"19":0,"20":0,"21":0,"22":0,"23":0,"24":0,"25":0,"26":0,"27":0,"28":0,"29":0,"30":0,"31":0,"32":0,"33":0,"34":0,"35":0,"36":0,"37":0,"38":0,"39":0,"40":0,"41":0,"42":0},"f":{"0":0,"1":0,"2":0,"3":0,"4":0,"5":0,"6":0,"7":0,"8":0,"9":0},"b":{"0":[0,0],"1":[0,0],"2":[0,0],"3":[0,0],"4":[0,0],"5":[0,0],"6":[0,0]},"_coverageSchema":"1a1c01bbd47fc00a2c39e90264f33305004495a9","hash":"fdce7d4765e5a64cb6f150291065431e63a6779a"}
,"/Users/audreesteinberg/hr/capstone/fec/client/src/Components/RelatedProductsSect/RelatedProductsList.jsx": {"path":"/Users/audreesteinberg/hr/capstone/fec/client/src/Components/RelatedProductsSect/RelatedProductsList.jsx","statementMap":{"0":{"start":{"line":7,"column":4},"end":{"line":7,"column":17}},"1":{"start":{"line":8,"column":4},"end":{"line":13,"column":6}},"2":{"start":{"line":14,"column":4},"end":{"line":14,"column":49}},"3":{"start":{"line":15,"column":4},"end":{"line":15,"column":51}},"4":{"start":{"line":21,"column":4},"end":{"line":28,"column":5}},"5":{"start":{"line":22,"column":6},"end":{"line":25,"column":8}},"6":{"start":{"line":27,"column":6},"end":{"line":27,"column":41}},"7":{"start":{"line":35,"column":4},"end":{"line":42,"column":5}},"8":{"start":{"line":36,"column":6},"end":{"line":39,"column":8}},"9":{"start":{"line":41,"column":6},"end":{"line":41,"column":39}},"10":{"start":{"line":48,"column":5},"end":{"line":51,"column":5}},"11":{"start":{"line":50,"column":6},"end":{"line":50,"column":134}},"12":{"start":{"line":54,"column":4},"end":{"line":63,"column":5}},"13":{"start":{"line":59,"column":61},"end":{"line":59,"column":218}}},"fnMap":{"0":{"name":"(anonymous_0)","decl":{"start":{"line":6,"column":2},"end":{"line":6,"column":3}},"loc":{"start":{"line":6,"column":21},"end":{"line":16,"column":3}},"line":6},"1":{"name":"(anonymous_1)","decl":{"start":{"line":19,"column":2},"end":{"line":19,"column":3}},"loc":{"start":{"line":19,"column":14},"end":{"line":30,"column":3}},"line":19},"2":{"name":"(anonymous_2)","decl":{"start":{"line":32,"column":2},"end":{"line":32,"column":3}},"loc":{"start":{"line":32,"column":15},"end":{"line":44,"column":3}},"line":32},"3":{"name":"(anonymous_3)","decl":{"start":{"line":47,"column":2},"end":{"line":47,"column":3}},"loc":{"start":{"line":47,"column":11},"end":{"line":64,"column":3}},"line":47},"4":{"name":"(anonymous_4)","decl":{"start":{"line":59,"column":50},"end":{"line":59,"column":51}},"loc":{"start":{"line":59,"column":61},"end":{"line":59,"column":218}},"line":59}},"branchMap":{"0":{"loc":{"start":{"line":21,"column":4},"end":{"line":28,"column":5}},"type":"if","locations":[{"start":{"line":21,"column":4},"end":{"line":28,"column":5}},{"start":{"line":21,"column":4},"end":{"line":28,"column":5}}],"line":21},"1":{"loc":{"start":{"line":35,"column":4},"end":{"line":42,"column":5}},"type":"if","locations":[{"start":{"line":35,"column":4},"end":{"line":42,"column":5}},{"start":{"line":35,"column":4},"end":{"line":42,"column":5}}],"line":35},"2":{"loc":{"start":{"line":48,"column":5},"end":{"line":51,"column":5}},"type":"if","locations":[{"start":{"line":48,"column":5},"end":{"line":51,"column":5}},{"start":{"line":48,"column":5},"end":{"line":51,"column":5}}],"line":48}},"s":{"0":0,"1":0,"2":0,"3":0,"4":0,"5":0,"6":0,"7":0,"8":0,"9":0,"10":0,"11":0,"12":0,"13":0},"f":{"0":0,"1":0,"2":0,"3":0,"4":0},"b":{"0":[0,0],"1":[0,0],"2":[0,0]},"_coverageSchema":"1a1c01bbd47fc00a2c39e90264f33305004495a9","hash":"0af86f7f61823e817567a3c87a7d0a142410a9e6"}
,"/Users/audreesteinberg/hr/capstone/fec/client/src/Components/RelatedProductsSect/RelatedProductsSect.jsx": {"path":"/Users/audreesteinberg/hr/capstone/fec/client/src/Components/RelatedProductsSect/RelatedProductsSect.jsx","statementMap":{"0":{"start":{"line":8,"column":4},"end":{"line":8,"column":17}},"1":{"start":{"line":9,"column":4},"end":{"line":14,"column":6}},"2":{"start":{"line":15,"column":4},"end":{"line":15,"column":61}},"3":{"start":{"line":16,"column":4},"end":{"line":16,"column":49}},"4":{"start":{"line":20,"column":4},"end":{"line":20,"column":84}},"5":{"start":{"line":21,"column":4},"end":{"line":21,"column":43}},"6":{"start":{"line":25,"column":4},"end":{"line":29,"column":5}},"7":{"start":{"line":25,"column":48},"end":{"line":25,"column":69}},"8":{"start":{"line":27,"column":6},"end":{"line":27,"column":38}},"9":{"start":{"line":43,"column":6},"end":{"line":49,"column":7}},"10":{"start":{"line":44,"column":8},"end":{"line":44,"column":55}},"11":{"start":{"line":45,"column":8},"end":{"line":48,"column":10}},"12":{"start":{"line":47,"column":10},"end":{"line":47,"column":56}},"13":{"start":{"line":51,"column":4},"end":{"line":58,"column":5}}},"fnMap":{"0":{"name":"(anonymous_0)","decl":{"start":{"line":7,"column":2},"end":{"line":7,"column":3}},"loc":{"start":{"line":7,"column":21},"end":{"line":17,"column":3}},"line":7},"1":{"name":"(anonymous_1)","decl":{"start":{"line":19,"column":2},"end":{"line":19,"column":3}},"loc":{"start":{"line":19,"column":21},"end":{"line":22,"column":3}},"line":19},"2":{"name":"(anonymous_2)","decl":{"start":{"line":24,"column":2},"end":{"line":24,"column":3}},"loc":{"start":{"line":24,"column":18},"end":{"line":30,"column":3}},"line":24},"3":{"name":"(anonymous_3)","decl":{"start":{"line":25,"column":36},"end":{"line":25,"column":37}},"loc":{"start":{"line":25,"column":47},"end":{"line":25,"column":70}},"line":25},"4":{"name":"(anonymous_4)","decl":{"start":{"line":41,"column":2},"end":{"line":41,"column":3}},"loc":{"start":{"line":41,"column":11},"end":{"line":59,"column":3}},"line":41},"5":{"name":"(anonymous_5)","decl":{"start":{"line":46,"column":14},"end":{"line":46,"column":15}},"loc":{"start":{"line":46,"column":23},"end":{"line":48,"column":9}},"line":46}},"branchMap":{"0":{"loc":{"start":{"line":25,"column":4},"end":{"line":29,"column":5}},"type":"if","locations":[{"start":{"line":25,"column":4},"end":{"line":29,"column":5}},{"start":{"line":25,"column":4},"end":{"line":29,"column":5}}],"line":25},"1":{"loc":{"start":{"line":43,"column":6},"end":{"line":49,"column":7}},"type":"if","locations":[{"start":{"line":43,"column":6},"end":{"line":49,"column":7}},{"start":{"line":43,"column":6},"end":{"line":49,"column":7}}],"line":43}},"s":{"0":1,"1":1,"2":1,"3":1,"4":0,"5":0,"6":0,"7":0,"8":0,"9":1,"10":1,"11":1,"12":0,"13":1},"f":{"0":1,"1":0,"2":0,"3":0,"4":1,"5":0},"b":{"0":[0,0],"1":[1,0]},"_coverageSchema":"1a1c01bbd47fc00a2c39e90264f33305004495a9","hash":"ac6a4a9194d762ec31d0b0632cffbbbea386dac7"}
,"/Users/audreesteinberg/hr/capstone/fec/client/src/Components/RelatedProductsSect/YourOutfitAddCard.jsx": {"path":"/Users/audreesteinberg/hr/capstone/fec/client/src/Components/RelatedProductsSect/YourOutfitAddCard.jsx","statementMap":{"0":{"start":{"line":7,"column":4},"end":{"line":7,"column":17}},"1":{"start":{"line":8,"column":4},"end":{"line":8,"column":20}},"2":{"start":{"line":9,"column":4},"end":{"line":9,"column":52}},"3":{"start":{"line":13,"column":4},"end":{"line":13,"column":32}},"4":{"start":{"line":14,"column":4},"end":{"line":14,"column":34}},"5":{"start":{"line":18,"column":4},"end":{"line":22,"column":5}}},"fnMap":{"0":{"name":"(anonymous_0)","decl":{"start":{"line":6,"column":2},"end":{"line":6,"column":3}},"loc":{"start":{"line":6,"column":21},"end":{"line":10,"column":3}},"line":6},"1":{"name":"(anonymous_1)","decl":{"start":{"line":12,"column":2},"end":{"line":12,"column":3}},"loc":{"start":{"line":12,"column":17},"end":{"line":15,"column":3}},"line":12},"2":{"name":"(anonymous_2)","decl":{"start":{"line":17,"column":2},"end":{"line":17,"column":3}},"loc":{"start":{"line":17,"column":11},"end":{"line":23,"column":3}},"line":17}},"branchMap":{},"s":{"0":0,"1":0,"2":0,"3":0,"4":0,"5":0},"f":{"0":0,"1":0,"2":0},"b":{},"_coverageSchema":"1a1c01bbd47fc00a2c39e90264f33305004495a9","hash":"2adc2f776bbf476a459fbac749b96793e895bc0d"}
,"/Users/audreesteinberg/hr/capstone/fec/client/src/Components/RelatedProductsSect/YourOutfitEntry.jsx": {"path":"/Users/audreesteinberg/hr/capstone/fec/client/src/Components/RelatedProductsSect/YourOutfitEntry.jsx","statementMap":{"0":{"start":{"line":7,"column":4},"end":{"line":7,"column":17}},"1":{"start":{"line":8,"column":4},"end":{"line":8,"column":20}},"2":{"start":{"line":12,"column":4},"end":{"line":16,"column":5}}},"fnMap":{"0":{"name":"(anonymous_0)","decl":{"start":{"line":6,"column":2},"end":{"line":6,"column":3}},"loc":{"start":{"line":6,"column":21},"end":{"line":9,"column":3}},"line":6},"1":{"name":"(anonymous_1)","decl":{"start":{"line":11,"column":2},"end":{"line":11,"column":3}},"loc":{"start":{"line":11,"column":11},"end":{"line":17,"column":3}},"line":11}},"branchMap":{},"s":{"0":0,"1":0,"2":0},"f":{"0":0,"1":0},"b":{},"_coverageSchema":"1a1c01bbd47fc00a2c39e90264f33305004495a9","hash":"82fca2ae57bff515d1362bb6835d7a956ea6cccf"}
,"/Users/audreesteinberg/hr/capstone/fec/client/src/Components/RelatedProductsSect/YourOutfitsList.jsx": {"path":"/Users/audreesteinberg/hr/capstone/fec/client/src/Components/RelatedProductsSect/YourOutfitsList.jsx","statementMap":{"0":{"start":{"line":8,"column":4},"end":{"line":8,"column":17}},"1":{"start":{"line":9,"column":4},"end":{"line":14,"column":6}},"2":{"start":{"line":15,"column":4},"end":{"line":15,"column":49}},"3":{"start":{"line":16,"column":4},"end":{"line":16,"column":51}},"4":{"start":{"line":21,"column":4},"end":{"line":28,"column":5}},"5":{"start":{"line":22,"column":6},"end":{"line":25,"column":8}},"6":{"start":{"line":27,"column":6},"end":{"line":27,"column":41}},"7":{"start":{"line":35,"column":4},"end":{"line":42,"column":5}},"8":{"start":{"line":36,"column":6},"end":{"line":39,"column":8}},"9":{"start":{"line":41,"column":6},"end":{"line":41,"column":39}},"10":{"start":{"line":47,"column":6},"end":{"line":51,"column":7}},"11":{"start":{"line":49,"column":8},"end":{"line":49,"column":67}},"12":{"start":{"line":50,"column":8},"end":{"line":50,"column":131}},"13":{"start":{"line":53,"column":4},"end":{"line":63,"column":5}},"14":{"start":{"line":59,"column":61},"end":{"line":59,"column":118}}},"fnMap":{"0":{"name":"(anonymous_0)","decl":{"start":{"line":7,"column":2},"end":{"line":7,"column":3}},"loc":{"start":{"line":7,"column":21},"end":{"line":17,"column":3}},"line":7},"1":{"name":"(anonymous_1)","decl":{"start":{"line":19,"column":2},"end":{"line":19,"column":3}},"loc":{"start":{"line":19,"column":14},"end":{"line":30,"column":3}},"line":19},"2":{"name":"(anonymous_2)","decl":{"start":{"line":32,"column":2},"end":{"line":32,"column":3}},"loc":{"start":{"line":32,"column":15},"end":{"line":44,"column":3}},"line":32},"3":{"name":"(anonymous_3)","decl":{"start":{"line":45,"column":2},"end":{"line":45,"column":3}},"loc":{"start":{"line":45,"column":11},"end":{"line":64,"column":3}},"line":45},"4":{"name":"(anonymous_4)","decl":{"start":{"line":59,"column":50},"end":{"line":59,"column":51}},"loc":{"start":{"line":59,"column":61},"end":{"line":59,"column":118}},"line":59}},"branchMap":{"0":{"loc":{"start":{"line":21,"column":4},"end":{"line":28,"column":5}},"type":"if","locations":[{"start":{"line":21,"column":4},"end":{"line":28,"column":5}},{"start":{"line":21,"column":4},"end":{"line":28,"column":5}}],"line":21},"1":{"loc":{"start":{"line":35,"column":4},"end":{"line":42,"column":5}},"type":"if","locations":[{"start":{"line":35,"column":4},"end":{"line":42,"column":5}},{"start":{"line":35,"column":4},"end":{"line":42,"column":5}}],"line":35},"2":{"loc":{"start":{"line":47,"column":6},"end":{"line":51,"column":7}},"type":"if","locations":[{"start":{"line":47,"column":6},"end":{"line":51,"column":7}},{"start":{"line":47,"column":6},"end":{"line":51,"column":7}}],"line":47}},"s":{"0":0,"1":0,"2":0,"3":0,"4":0,"5":0,"6":0,"7":0,"8":0,"9":0,"10":0,"11":0,"12":0,"13":0,"14":0},"f":{"0":0,"1":0,"2":0,"3":0,"4":0},"b":{"0":[0,0],"1":[0,0],"2":[0,0]},"_coverageSchema":"1a1c01bbd47fc00a2c39e90264f33305004495a9","hash":"5a57e6a61d375060082fdeea34160c40a695d37e"}
}
