TN:
SF:client/src/Components/App.jsx
FN:9,(anonymous_0)
FN:21,(anonymous_1)
FN:26,(anonymous_2)
FN:30,(anonymous_3)
FNF:4
FNH:2
FNDA:2,(anonymous_0)
FNDA:0,(anonymous_1)
FNDA:0,(anonymous_2)
FNDA:2,(anonymous_3)
DA:10,2
DA:11,2
DA:17,2
DA:18,2
DA:22,0
DA:27,0
DA:31,2
LF:7
LH:5
BRF:0
BRH:0
end_of_record
TN:
SF:client/src/Components/OverviewSect/OverviewSect.jsx
FN:15,(anonymous_0)
FN:26,(anonymous_1)
FNF:2
FNH:2
FNDA:1,(anonymous_0)
FNDA:1,(anonymous_1)
DA:16,1
DA:17,1
DA:27,1
LF:3
LH:3
BRF:0
BRH:0
end_of_record
TN:
SF:client/src/Components/OverviewSect/AddToCart/AddToCart.jsx
FN:4,(anonymous_0)
FN:10,(anonymous_1)
FNF:2
FNH:0
FNDA:0,(anonymous_0)
FNDA:0,(anonymous_1)
DA:5,0
DA:6,0
DA:11,0
LF:3
LH:0
BRF:0
BRH:0
end_of_record
TN:
SF:client/src/Components/OverviewSect/AddToCart/QuantitySelector.jsx
FN:4,(anonymous_0)
FN:13,(anonymous_1)
FN:15,(anonymous_2)
FN:20,(anonymous_3)
FN:23,(anonymous_4)
FN:29,(anonymous_5)
FN:40,(anonymous_6)
FNF:7
FNH:0
FNDA:0,(anonymous_0)
FNDA:0,(anonymous_1)
FNDA:0,(anonymous_2)
FNDA:0,(anonymous_3)
FNDA:0,(anonymous_4)
FNDA:0,(anonymous_5)
FNDA:0,(anonymous_6)
DA:5,0
DA:6,0
DA:9,0
DA:10,0
DA:14,0
DA:15,0
DA:16,0
DA:22,0
DA:23,0
DA:24,0
DA:30,0
DA:40,0
LF:12
LH:0
BRDA:22,0,0,0
BRDA:22,0,1,0
BRDA:38,1,0,0
BRDA:38,1,1,0
BRF:4
BRH:0
end_of_record
TN:
SF:client/src/Components/OverviewSect/AddToCart/SizeSelector.jsx
FN:4,(anonymous_0)
FN:13,(anonymous_1)
FN:15,(anonymous_2)
FN:20,(anonymous_3)
FN:23,(anonymous_4)
FN:29,(anonymous_5)
FN:40,(anonymous_6)
FNF:7
FNH:0
FNDA:0,(anonymous_0)
FNDA:0,(anonymous_1)
FNDA:0,(anonymous_2)
FNDA:0,(anonymous_3)
FNDA:0,(anonymous_4)
FNDA:0,(anonymous_5)
FNDA:0,(anonymous_6)
DA:5,0
DA:6,0
DA:9,0
DA:10,0
DA:14,0
DA:15,0
DA:16,0
DA:22,0
DA:23,0
DA:24,0
DA:30,0
DA:40,0
LF:12
LH:0
BRDA:22,0,0,0
BRDA:22,0,1,0
BRDA:38,1,0,0
BRDA:38,1,1,0
BRF:4
BRH:0
end_of_record
TN:
SF:client/src/Components/OverviewSect/DummyData/DummyProductData.js
FNF:0
FNH:0
DA:3,3
LF:1
LH:1
BRF:0
BRH:0
end_of_record
TN:
SF:client/src/Components/OverviewSect/DummyData/DummyStyleData.js
FNF:0
FNH:0
DA:3,3
LF:1
LH:1
BRF:0
BRH:0
end_of_record
TN:
SF:client/src/Components/OverviewSect/ImageGallery/ImageGallery.jsx
FN:4,(anonymous_0)
FN:10,(anonymous_1)
FNF:2
FNH:0
FNDA:0,(anonymous_0)
FNDA:0,(anonymous_1)
DA:5,0
DA:6,0
DA:11,0
LF:3
LH:0
BRF:0
BRH:0
end_of_record
TN:
SF:client/src/Components/OverviewSect/ProductInfo/FeatureChecklist.jsx
FN:17,(anonymous_0)
FNF:1
FNH:0
FNDA:0,(anonymous_0)
DA:17,3
DA:18,0
LF:2
LH:1
BRF:0
BRH:0
end_of_record
TN:
SF:client/src/Components/OverviewSect/ProductInfo/ProductInfo.jsx
FN:6,(anonymous_0)
FN:17,(anonymous_1)
FNF:2
FNH:0
FNDA:0,(anonymous_0)
FNDA:0,(anonymous_1)
DA:7,0
DA:8,0
DA:18,0
LF:3
LH:0
BRF:0
BRH:0
end_of_record
TN:
SF:client/src/Components/OverviewSect/ProductInfo/ProductOverview.jsx
FN:5,(anonymous_0)
FN:14,(anonymous_1)
FN:17,(anonymous_2)
FNF:3
FNH:0
FNDA:0,(anonymous_0)
FNDA:0,(anonymous_1)
FNDA:0,(anonymous_2)
DA:6,0
DA:7,0
DA:17,0
DA:20,0
DA:23,0
LF:5
LH:0
BRF:0
BRH:0
end_of_record
TN:
SF:client/src/Components/OverviewSect/StyleSelector/Price.jsx
FN:4,(anonymous_0)
FNF:1
FNH:0
FNDA:0,(anonymous_0)
DA:4,3
DA:5,0
DA:6,0
DA:15,0
LF:4
LH:1
BRDA:5,0,0,0
BRDA:5,0,1,0
BRF:2
BRH:0
end_of_record
TN:
SF:client/src/Components/OverviewSect/StyleSelector/StyleSelector.jsx
FN:7,(anonymous_0)
FN:19,(anonymous_1)
FN:34,(anonymous_2)
FN:38,(anonymous_3)
FN:40,(anonymous_4)
FNF:5
FNH:0
FNDA:0,(anonymous_0)
FNDA:0,(anonymous_1)
FNDA:0,(anonymous_2)
FNDA:0,(anonymous_3)
FNDA:0,(anonymous_4)
DA:8,0
DA:9,0
DA:16,0
DA:20,0
DA:23,0
DA:24,0
DA:26,0
DA:27,0
DA:34,0
DA:35,0
DA:40,0
DA:42,0
DA:45,0
LF:13
LH:0
BRDA:24,0,0,0
BRDA:24,0,1,0
BRDA:26,1,0,0
BRDA:26,1,1,0
BRF:4
BRH:0
end_of_record
TN:
SF:client/src/Components/OverviewSect/StyleSelector/Styles.jsx
FN:5,(anonymous_0)
FN:11,(anonymous_1)
FN:18,(anonymous_2)
FNF:3
FNH:0
FNDA:0,(anonymous_0)
FNDA:0,(anonymous_1)
FNDA:0,(anonymous_2)
DA:6,0
DA:7,0
DA:8,0
DA:12,0
DA:14,0
DA:19,0
LF:6
LH:0
BRF:0
BRH:0
end_of_record
TN:
SF:client/src/Components/QuestionsAnswersSect/AddAnswer.jsx
FN:5,(anonymous_0)
FN:18,(anonymous_1)
FN:23,(anonymous_2)
FN:29,(anonymous_3)
FN:35,(anonymous_4)
FN:43,(anonymous_5)
FN:53,(anonymous_6)
FN:54,(anonymous_7)
FN:57,(anonymous_8)
FN:58,(anonymous_9)
FN:59,(anonymous_10)
FNF:11
FNH:0
FNDA:0,(anonymous_0)
FNDA:0,(anonymous_1)
FNDA:0,(anonymous_2)
FNDA:0,(anonymous_3)
FNDA:0,(anonymous_4)
FNDA:0,(anonymous_5)
FNDA:0,(anonymous_6)
FNDA:0,(anonymous_7)
FNDA:0,(anonymous_8)
FNDA:0,(anonymous_9)
FNDA:0,(anonymous_10)
DA:6,0
DA:7,0
DA:13,0
DA:14,0
DA:15,0
DA:16,0
DA:19,0
DA:24,0
DA:30,0
DA:36,0
DA:37,0
DA:38,0
DA:39,0
DA:44,0
DA:45,0
DA:49,0
DA:53,0
DA:54,0
DA:57,0
DA:58,0
DA:59,0
LF:21
LH:0
BRDA:44,0,0,0
BRDA:44,0,1,0
BRF:2
BRH:0
end_of_record
TN:
SF:client/src/Components/QuestionsAnswersSect/AddQuestion.jsx
FN:6,(anonymous_0)
FN:17,(anonymous_1)
FN:22,(anonymous_2)
FN:27,(anonymous_3)
FN:33,(anonymous_4)
FN:43,(anonymous_5)
FN:44,(anonymous_6)
FN:45,(anonymous_7)
FN:46,(anonymous_8)
FN:47,(anonymous_9)
FNF:10
FNH:0
FNDA:0,(anonymous_0)
FNDA:0,(anonymous_1)
FNDA:0,(anonymous_2)
FNDA:0,(anonymous_3)
FNDA:0,(anonymous_4)
FNDA:0,(anonymous_5)
FNDA:0,(anonymous_6)
FNDA:0,(anonymous_7)
FNDA:0,(anonymous_8)
FNDA:0,(anonymous_9)
DA:7,0
DA:8,0
DA:13,0
DA:14,0
DA:15,0
DA:18,0
DA:23,0
DA:28,0
DA:34,0
DA:35,0
DA:37,0
DA:43,0
DA:44,0
DA:45,0
DA:46,0
DA:47,0
LF:16
LH:0
BRDA:34,0,0,0
BRDA:34,0,1,0
BRF:2
BRH:0
end_of_record
TN:
SF:client/src/Components/QuestionsAnswersSect/Answers.jsx
FN:7,(anonymous_0)
FN:19,(anonymous_1)
FN:41,(anonymous_2)
FN:54,(anonymous_3)
FN:65,(anonymous_4)
FNF:5
FNH:0
FNDA:0,(anonymous_0)
FNDA:0,(anonymous_1)
FNDA:0,(anonymous_2)
FNDA:0,(anonymous_3)
FNDA:0,(anonymous_4)
DA:8,0
DA:9,0
DA:14,0
DA:15,0
DA:20,0
DA:21,0
DA:36,0
DA:37,0
DA:38,0
DA:42,0
DA:43,0
DA:44,0
DA:55,0
DA:66,0
LF:14
LH:0
BRDA:42,0,0,0
BRDA:42,0,1,0
BRF:2
BRH:0
end_of_record
TN:
SF:client/src/Components/QuestionsAnswersSect/Modal.jsx
FN:5,(anonymous_0)
FN:14,(anonymous_1)
FN:21,(anonymous_2)
FNF:3
FNH:0
FNDA:0,(anonymous_0)
FNDA:0,(anonymous_1)
FNDA:0,(anonymous_2)
DA:6,0
DA:7,0
DA:15,0
DA:16,0
DA:18,0
DA:21,0
LF:6
LH:0
BRDA:15,0,0,0
BRDA:15,0,1,0
BRF:2
BRH:0
end_of_record
TN:
SF:client/src/Components/QuestionsAnswersSect/Pictures.jsx
FN:5,(anonymous_0)
FN:13,(anonymous_1)
FN:18,(anonymous_2)
FN:22,(anonymous_3)
FN:25,(anonymous_4)
FNF:5
FNH:0
FNDA:0,(anonymous_0)
FNDA:0,(anonymous_1)
FNDA:0,(anonymous_2)
FNDA:0,(anonymous_3)
FNDA:0,(anonymous_4)
DA:6,0
DA:7,0
DA:10,0
DA:11,0
DA:14,0
DA:19,0
DA:23,0
DA:25,0
LF:8
LH:0
BRF:0
BRH:0
end_of_record
TN:
SF:client/src/Components/QuestionsAnswersSect/Q&AList.jsx
FN:7,(anonymous_0)
FN:13,(anonymous_1)
FN:18,(anonymous_2)
FNF:3
FNH:2
FNDA:1,(anonymous_0)
FNDA:1,(anonymous_1)
FNDA:0,(anonymous_2)
DA:8,1
DA:9,1
DA:14,1
DA:19,0
LF:4
LH:3
BRF:0
BRH:0
end_of_record
TN:
SF:client/src/Components/QuestionsAnswersSect/Question.jsx
FN:8,(anonymous_0)
FN:30,(anonymous_1)
FN:35,(anonymous_2)
FN:45,(anonymous_3)
FN:50,(anonymous_4)
FN:59,(anonymous_5)
FN:75,(anonymous_6)
FN:82,(anonymous_7)
FN:88,(anonymous_8)
FN:90,(anonymous_9)
FN:95,(anonymous_10)
FN:106,(anonymous_11)
FN:121,(anonymous_12)
FN:130,(anonymous_13)
FN:148,(anonymous_14)
FN:154,(anonymous_15)
FN:159,(anonymous_16)
FN:178,(anonymous_17)
FNF:18
FNH:0
FNDA:0,(anonymous_0)
FNDA:0,(anonymous_1)
FNDA:0,(anonymous_2)
FNDA:0,(anonymous_3)
FNDA:0,(anonymous_4)
FNDA:0,(anonymous_5)
FNDA:0,(anonymous_6)
FNDA:0,(anonymous_7)
FNDA:0,(anonymous_8)
FNDA:0,(anonymous_9)
FNDA:0,(anonymous_10)
FNDA:0,(anonymous_11)
FNDA:0,(anonymous_12)
FNDA:0,(anonymous_13)
FNDA:0,(anonymous_14)
FNDA:0,(anonymous_15)
FNDA:0,(anonymous_16)
FNDA:0,(anonymous_17)
DA:9,0
DA:10,0
DA:19,0
DA:20,0
DA:21,0
DA:22,0
DA:23,0
DA:24,0
DA:25,0
DA:26,0
DA:27,0
DA:28,0
DA:31,0
DA:36,0
DA:37,0
DA:46,0
DA:51,0
DA:52,0
DA:60,0
DA:61,0
DA:62,0
DA:63,0
DA:70,0
DA:76,0
DA:77,0
DA:83,0
DA:89,0
DA:90,0
DA:96,0
DA:97,0
DA:98,0
DA:99,0
DA:107,0
DA:108,0
DA:109,0
DA:111,0
DA:112,0
DA:113,0
DA:114,0
DA:123,0
DA:132,0
DA:133,0
DA:134,0
DA:135,0
DA:149,0
DA:150,0
DA:155,0
DA:161,0
DA:178,0
LF:49
LH:0
BRDA:36,0,0,0
BRDA:36,0,1,0
BRDA:51,1,0,0
BRDA:51,1,1,0
BRDA:132,2,0,0
BRDA:132,2,1,0
BRDA:149,3,0,0
BRDA:149,3,1,0
BRDA:174,4,0,0
BRDA:174,4,1,0
BRDA:177,5,0,0
BRDA:177,5,1,0
BRDA:177,6,0,0
BRDA:177,6,1,0
BRDA:180,7,0,0
BRDA:180,7,1,0
BRF:16
BRH:0
end_of_record
TN:
SF:client/src/Components/QuestionsAnswersSect/QuestionsAnswersSect.jsx
FN:8,(anonymous_0)
FN:28,(anonymous_1)
FN:37,(anonymous_2)
FN:39,(anonymous_3)
FN:43,(anonymous_4)
FN:67,(anonymous_5)
FN:74,(anonymous_6)
FN:77,(anonymous_7)
FN:87,(anonymous_8)
FN:109,(anonymous_9)
FN:128,(anonymous_10)
FN:136,(anonymous_11)
FN:140,(anonymous_12)
FN:151,(anonymous_13)
FN:159,(anonymous_14)
FN:160,(anonymous_15)
FN:168,(anonymous_16)
FNF:17
FNH:4
FNDA:1,(anonymous_0)
FNDA:0,(anonymous_1)
FNDA:0,(anonymous_2)
FNDA:0,(anonymous_3)
FNDA:0,(anonymous_4)
FNDA:0,(anonymous_5)
FNDA:1,(anonymous_6)
FNDA:0,(anonymous_7)
FNDA:0,(anonymous_8)
FNDA:0,(anonymous_9)
FNDA:0,(anonymous_10)
FNDA:1,(anonymous_11)
FNDA:0,(anonymous_12)
FNDA:1,(anonymous_13)
FNDA:0,(anonymous_14)
FNDA:0,(anonymous_15)
FNDA:0,(anonymous_16)
DA:9,1
DA:10,1
DA:18,1
DA:19,1
DA:20,1
DA:21,1
DA:22,1
DA:23,1
DA:24,1
DA:25,1
DA:29,0
DA:30,0
DA:31,0
DA:32,0
DA:38,0
DA:39,0
DA:44,0
DA:45,0
DA:46,0
DA:47,0
DA:58,0
DA:68,0
DA:69,0
DA:75,1
DA:78,0
DA:79,0
DA:80,0
DA:81,0
DA:88,0
DA:89,0
DA:90,0
DA:91,0
DA:92,0
DA:96,0
DA:97,0
DA:98,0
DA:99,0
DA:103,0
DA:110,0
DA:111,0
DA:112,0
DA:113,0
DA:115,0
DA:116,0
DA:117,0
DA:119,0
DA:121,0
DA:122,0
DA:123,0
DA:129,0
DA:130,0
DA:137,1
DA:141,0
DA:144,0
DA:145,0
DA:153,1
DA:159,0
DA:160,0
DA:168,0
LF:59
LH:13
BRDA:88,0,0,0
BRDA:88,0,1,0
BRDA:98,1,0,0
BRDA:98,1,1,0
BRDA:116,2,0,0
BRDA:116,2,1,0
BRDA:129,3,0,0
BRDA:129,3,1,0
BRDA:144,4,0,0
BRDA:144,4,1,0
BRDA:144,5,0,0
BRDA:144,5,1,0
BRDA:169,6,0,0
BRDA:169,6,1,1
BRF:14
BRH:1
end_of_record
TN:
SF:client/src/Components/RatingsAndReviewsSect/AddReviewButton.jsx
FN:4,(anonymous_0)
FNF:1
FNH:0
FNDA:0,(anonymous_0)
DA:4,3
DA:5,0
LF:2
LH:1
BRF:0
BRH:0
end_of_record
TN:
SF:client/src/Components/RatingsAndReviewsSect/AvgRatings.jsx
FN:5,(anonymous_0)
FNF:1
FNH:0
FNDA:0,(anonymous_0)
DA:5,3
DA:6,0
LF:2
LH:1
BRF:0
BRH:0
end_of_record
TN:
SF:client/src/Components/RatingsAndReviewsSect/AvgRecs.jsx
FN:3,(anonymous_0)
FNF:1
FNH:0
FNDA:0,(anonymous_0)
DA:3,3
DA:4,0
LF:2
LH:1
BRF:0
BRH:0
end_of_record
TN:
SF:client/src/Components/RatingsAndReviewsSect/CharacteristicGraph.jsx
FN:4,(anonymous_0)
FNF:1
FNH:0
FNDA:0,(anonymous_0)
DA:4,3
DA:6,0
DA:15,0
LF:3
LH:1
BRF:0
BRH:0
end_of_record
TN:
SF:client/src/Components/RatingsAndReviewsSect/Characteristics.jsx
FN:5,(anonymous_0)
FN:18,(anonymous_1)
FN:26,(anonymous_2)
FN:79,(anonymous_3)
FN:132,(anonymous_4)
FN:185,(anonymous_5)
FN:238,(anonymous_6)
FN:291,(anonymous_7)
FN:344,(anonymous_8)
FNF:9
FNH:0
FNDA:0,(anonymous_0)
FNDA:0,(anonymous_1)
FNDA:0,(anonymous_2)
FNDA:0,(anonymous_3)
FNDA:0,(anonymous_4)
FNDA:0,(anonymous_5)
FNDA:0,(anonymous_6)
FNDA:0,(anonymous_7)
FNDA:0,(anonymous_8)
DA:6,0
DA:7,0
DA:15,0
DA:19,0
DA:20,0
DA:21,0
DA:22,0
DA:23,0
DA:27,0
DA:80,0
DA:133,0
DA:186,0
DA:239,0
DA:292,0
DA:345,0
LF:15
LH:0
BRDA:348,0,0,0
BRDA:348,0,1,0
BRDA:349,1,0,0
BRDA:349,1,1,0
BRDA:350,2,0,0
BRDA:350,2,1,0
BRDA:351,3,0,0
BRDA:351,3,1,0
BRDA:352,4,0,0
BRDA:352,4,1,0
BRDA:353,5,0,0
BRDA:353,5,1,0
BRF:12
BRH:0
end_of_record
TN:
SF:client/src/Components/RatingsAndReviewsSect/CharacteristicsSummary.jsx
FN:5,(anonymous_0)
FN:6,(anonymous_1)
FNF:2
FNH:0
FNDA:0,(anonymous_0)
FNDA:0,(anonymous_1)
DA:5,3
DA:6,0
DA:7,0
DA:8,0
DA:9,0
DA:11,0
DA:14,0
LF:7
LH:1
BRF:0
BRH:0
end_of_record
TN:
SF:client/src/Components/RatingsAndReviewsSect/IndividualStar.jsx
FN:5,(anonymous_0)
FN:12,(anonymous_1)
FN:16,(anonymous_2)
FN:20,(anonymous_3)
FN:24,(anonymous_4)
FNF:5
FNH:0
FNDA:0,(anonymous_0)
FNDA:0,(anonymous_1)
FNDA:0,(anonymous_2)
FNDA:0,(anonymous_3)
FNDA:0,(anonymous_4)
DA:6,0
DA:7,0
DA:8,0
DA:9,0
DA:13,0
DA:17,0
DA:21,0
DA:25,0
LF:8
LH:0
BRDA:27,0,0,0
BRDA:27,0,1,0
BRF:2
BRH:0
end_of_record
TN:
SF:client/src/Components/RatingsAndReviewsSect/List.jsx
FN:4,(anonymous_0)
FN:6,(anonymous_1)
FNF:2
FNH:0
FNDA:0,(anonymous_0)
FNDA:0,(anonymous_1)
DA:4,3
DA:5,0
DA:7,0
LF:3
LH:1
BRF:0
BRH:0
end_of_record
TN:
SF:client/src/Components/RatingsAndReviewsSect/MoreReviewsButton.jsx
FN:4,(anonymous_0)
FNF:1
FNH:0
FNDA:0,(anonymous_0)
DA:4,3
DA:5,0
LF:2
LH:1
BRF:0
BRH:0
end_of_record
TN:
SF:client/src/Components/RatingsAndReviewsSect/NewStarRating.jsx
FN:6,(anonymous_0)
FN:17,(anonymous_1)
FN:23,(anonymous_2)
FN:29,(anonymous_3)
FN:37,(anonymous_4)
FN:56,(anonymous_5)
FNF:6
FNH:0
FNDA:0,(anonymous_0)
FNDA:0,(anonymous_1)
FNDA:0,(anonymous_2)
FNDA:0,(anonymous_3)
FNDA:0,(anonymous_4)
FNDA:0,(anonymous_5)
DA:7,0
DA:8,0
DA:12,0
DA:13,0
DA:14,0
DA:18,0
DA:24,0
DA:30,0
DA:31,0
DA:38,0
DA:39,0
DA:40,0
DA:41,0
DA:42,0
DA:43,0
DA:45,0
DA:53,0
DA:57,0
LF:18
LH:0
BRDA:30,0,0,0
BRDA:30,0,1,0
BRDA:42,1,0,0
BRDA:42,1,1,0
BRF:4
BRH:0
end_of_record
TN:
SF:client/src/Components/RatingsAndReviewsSect/RatingBreakdown.jsx
FN:5,(anonymous_0)
FN:6,(anonymous_1)
FNF:2
FNH:0
FNDA:0,(anonymous_0)
FNDA:0,(anonymous_1)
DA:5,3
DA:6,0
DA:7,0
DA:8,0
DA:9,0
DA:11,0
DA:14,0
LF:7
LH:1
BRF:0
BRH:0
end_of_record
TN:
SF:client/src/Components/RatingsAndReviewsSect/RatingGraph.jsx
FN:4,(anonymous_0)
FNF:1
FNH:0
FNDA:0,(anonymous_0)
DA:4,3
DA:5,0
DA:7,0
LF:3
LH:1
BRF:0
BRH:0
end_of_record
TN:
SF:client/src/Components/RatingsAndReviewsSect/RatingsAndReviewsSect.jsx
FN:18,(anonymous_0)
FN:39,(anonymous_1)
FN:45,(anonymous_2)
FN:52,(anonymous_3)
FN:57,(anonymous_4)
FN:63,(anonymous_5)
FN:71,(anonymous_6)
FN:77,(anonymous_7)
FN:98,(anonymous_8)
FN:108,(anonymous_9)
FN:114,(anonymous_10)
FN:119,(anonymous_11)
FN:126,(anonymous_12)
FN:129,(anonymous_13)
FN:134,(anonymous_14)
FN:140,(anonymous_15)
FN:148,(anonymous_16)
FNF:17
FNH:5
FNDA:1,(anonymous_0)
FNDA:1,(anonymous_1)
FNDA:0,(anonymous_2)
FNDA:0,(anonymous_3)
FNDA:1,(anonymous_4)
FNDA:0,(anonymous_5)
FNDA:0,(anonymous_6)
FNDA:0,(anonymous_7)
FNDA:0,(anonymous_8)
FNDA:0,(anonymous_9)
FNDA:0,(anonymous_10)
FNDA:0,(anonymous_11)
FNDA:0,(anonymous_12)
FNDA:0,(anonymous_13)
FNDA:1,(anonymous_14)
FNDA:0,(anonymous_15)
FNDA:1,(anonymous_16)
DA:19,1
DA:20,1
DA:33,1
DA:34,1
DA:35,1
DA:36,1
DA:40,1
DA:47,0
DA:53,0
DA:58,1
DA:65,0
DA:72,0
DA:78,0
DA:79,0
DA:81,0
DA:82,0
DA:85,0
DA:86,0
DA:87,0
DA:88,0
DA:91,0
DA:92,0
DA:93,0
DA:94,0
DA:95,0
DA:99,0
DA:100,0
DA:102,0
DA:103,0
DA:104,0
DA:105,0
DA:109,0
DA:115,0
DA:116,0
DA:120,0
DA:121,0
DA:127,0
DA:130,0
DA:136,1
DA:137,1
DA:142,0
DA:143,0
DA:144,0
DA:149,1
LF:44
LH:11
BRDA:81,0,0,0
BRDA:81,0,1,0
BRDA:142,1,0,0
BRDA:142,1,1,0
BRDA:168,2,0,1
BRDA:168,2,1,0
BRF:6
BRH:1
end_of_record
TN:
SF:client/src/Components/RatingsAndReviewsSect/ReviewCount.jsx
FN:4,(anonymous_0)
FNF:1
FNH:0
FNDA:0,(anonymous_0)
DA:4,3
DA:5,0
LF:2
LH:1
BRF:0
BRH:0
end_of_record
TN:
SF:client/src/Components/RatingsAndReviewsSect/ReviewListEntry.jsx
FN:5,(anonymous_0)
FN:7,(anonymous_1)
FNF:2
FNH:0
FNDA:0,(anonymous_0)
FNDA:0,(anonymous_1)
DA:5,3
DA:7,0
DA:8,0
DA:9,0
DA:24,0
DA:25,0
DA:26,0
DA:29,0
LF:8
LH:1
BRF:0
BRH:0
end_of_record
TN:
SF:client/src/Components/RatingsAndReviewsSect/Stars.jsx
FN:3,(anonymous_0)
FN:8,(anonymous_1)
FNF:2
FNH:0
FNDA:0,(anonymous_0)
FNDA:0,(anonymous_1)
DA:3,3
DA:6,0
DA:8,0
DA:9,0
DA:10,0
DA:11,0
DA:13,0
DA:16,0
LF:8
LH:1
BRDA:6,0,0,0
BRDA:6,0,1,0
BRF:2
BRH:0
end_of_record
TN:
SF:client/src/Components/RatingsAndReviewsSect/WriteYourReview.jsx
FN:7,(anonymous_0)
FN:25,(anonymous_1)
FN:29,(anonymous_2)
FN:33,(anonymous_3)
FN:37,(anonymous_4)
FN:41,(anonymous_5)
FN:56,(anonymous_6)
FNF:7
FNH:0
FNDA:0,(anonymous_0)
FNDA:0,(anonymous_1)
FNDA:0,(anonymous_2)
FNDA:0,(anonymous_3)
FNDA:0,(anonymous_4)
FNDA:0,(anonymous_5)
FNDA:0,(anonymous_6)
DA:8,0
DA:9,0
DA:18,0
DA:19,0
DA:20,0
DA:21,0
DA:22,0
DA:26,0
DA:30,0
DA:34,0
DA:38,0
DA:42,0
DA:43,0
DA:44,0
DA:53,0
DA:57,0
LF:16
LH:0
BRF:0
BRH:0
end_of_record
TN:
SF:client/src/Components/RatingsAndReviewsSect/dummyData/dummyReviewListData.js
FNF:0
FNH:0
DA:3,3
LF:1
LH:1
BRF:0
BRH:0
end_of_record
TN:
SF:client/src/Components/RelatedProductsSect/RelatedProductsEntry.jsx
FN:7,(anonymous_0)
FN:23,(anonymous_1)
FN:27,(anonymous_2)
FN:31,(anonymous_3)
FN:36,(anonymous_4)
FN:38,(anonymous_5)
FN:53,(anonymous_6)
FN:68,(anonymous_7)
FN:87,(anonymous_8)
FN:114,(anonymous_9)
FNF:10
FNH:0
FNDA:0,(anonymous_0)
FNDA:0,(anonymous_1)
FNDA:0,(anonymous_2)
FNDA:0,(anonymous_3)
FNDA:0,(anonymous_4)
FNDA:0,(anonymous_5)
FNDA:0,(anonymous_6)
FNDA:0,(anonymous_7)
FNDA:0,(anonymous_8)
FNDA:0,(anonymous_9)
DA:8,0
DA:9,0
DA:18,0
DA:19,0
DA:20,0
DA:24,0
DA:28,0
DA:32,0
DA:33,0
DA:38,0
DA:40,0
DA:41,0
DA:49,0
DA:52,0
DA:53,0
DA:57,0
DA:58,0
DA:59,0
DA:60,0
DA:62,0
DA:67,0
DA:69,0
DA:74,0
DA:75,0
DA:76,0
DA:77,0
DA:79,0
DA:86,0
DA:88,0
DA:89,0
DA:90,0
DA:93,0
DA:94,0
DA:95,0
DA:97,0
DA:98,0
DA:100,0
DA:101,0
DA:102,0
DA:103,0
DA:117,0
LF:41
LH:0
BRDA:40,0,0,0
BRDA:40,0,1,0
BRDA:58,1,0,0
BRDA:58,1,1,0
BRDA:62,2,0,0
BRDA:62,2,1,0
BRDA:75,3,0,0
BRDA:75,3,1,0
BRDA:79,4,0,0
BRDA:79,4,1,0
BRDA:89,5,0,0
BRDA:89,5,1,0
BRDA:101,6,0,0
BRDA:101,6,1,0
BRF:14
BRH:0
end_of_record
TN:
SF:client/src/Components/RelatedProductsSect/RelatedProductsList.jsx
FN:6,(anonymous_0)
FN:19,(anonymous_1)
FN:32,(anonymous_2)
FN:47,(anonymous_3)
FN:59,(anonymous_4)
FNF:5
FNH:0
FNDA:0,(anonymous_0)
FNDA:0,(anonymous_1)
FNDA:0,(anonymous_2)
FNDA:0,(anonymous_3)
FNDA:0,(anonymous_4)
DA:7,0
DA:8,0
DA:14,0
DA:15,0
DA:21,0
DA:22,0
DA:27,0
DA:35,0
DA:36,0
DA:41,0
DA:48,0
DA:50,0
DA:54,0
DA:59,0
LF:14
LH:0
BRDA:21,0,0,0
BRDA:21,0,1,0
BRDA:35,1,0,0
BRDA:35,1,1,0
BRDA:48,2,0,0
BRDA:48,2,1,0
BRF:6
BRH:0
end_of_record
TN:
SF:client/src/Components/RelatedProductsSect/RelatedProductsSect.jsx
FN:7,(anonymous_0)
FN:19,(anonymous_1)
FN:24,(anonymous_2)
FN:25,(anonymous_3)
FN:41,(anonymous_4)
FN:46,(anonymous_5)
FNF:6
FNH:2
FNDA:1,(anonymous_0)
FNDA:0,(anonymous_1)
FNDA:0,(anonymous_2)
FNDA:0,(anonymous_3)
FNDA:1,(anonymous_4)
FNDA:0,(anonymous_5)
DA:8,1
DA:9,1
DA:15,1
DA:16,1
DA:20,0
DA:21,0
DA:25,0
DA:27,0
DA:43,1
DA:44,1
DA:45,1
DA:47,0
DA:51,1
LF:13
LH:8
BRDA:25,0,0,0
BRDA:25,0,1,0
BRDA:43,1,0,1
BRDA:43,1,1,0
BRF:4
BRH:1
end_of_record
TN:
SF:client/src/Components/RelatedProductsSect/YourOutfitAddCard.jsx
FN:6,(anonymous_0)
FN:12,(anonymous_1)
FN:17,(anonymous_2)
FNF:3
FNH:0
FNDA:0,(anonymous_0)
FNDA:0,(anonymous_1)
FNDA:0,(anonymous_2)
DA:7,0
DA:8,0
DA:9,0
DA:13,0
DA:14,0
DA:18,0
LF:6
LH:0
BRF:0
BRH:0
end_of_record
TN:
SF:client/src/Components/RelatedProductsSect/YourOutfitEntry.jsx
FN:6,(anonymous_0)
FN:11,(anonymous_1)
FNF:2
FNH:0
FNDA:0,(anonymous_0)
FNDA:0,(anonymous_1)
DA:7,0
DA:8,0
DA:12,0
LF:3
LH:0
BRF:0
BRH:0
end_of_record
TN:
SF:client/src/Components/RelatedProductsSect/YourOutfitsList.jsx
FN:7,(anonymous_0)
FN:19,(anonymous_1)
FN:32,(anonymous_2)
FN:45,(anonymous_3)
FN:59,(anonymous_4)
FNF:5
FNH:0
FNDA:0,(anonymous_0)
FNDA:0,(anonymous_1)
FNDA:0,(anonymous_2)
FNDA:0,(anonymous_3)
FNDA:0,(anonymous_4)
DA:8,0
DA:9,0
DA:15,0
DA:16,0
DA:21,0
DA:22,0
DA:27,0
DA:35,0
DA:36,0
DA:41,0
DA:47,0
DA:49,0
DA:50,0
DA:53,0
DA:59,0
LF:15
LH:0
BRDA:21,0,0,0
BRDA:21,0,1,0
BRDA:35,1,0,0
BRDA:35,1,1,0
BRDA:47,2,0,0
BRDA:47,2,1,0
BRF:6
BRH:0
end_of_record
